mode: set
github.com/kaschnit/golox/pkg/utils/errorutil/errorutil.go:5.43,7.2 1 0
github.com/kaschnit/golox/pkg/utils/stringutil/stringutil.go:3.31,5.2 1 0
github.com/kaschnit/golox/pkg/utils/stringutil/stringutil.go:7.33,9.2 1 0
github.com/kaschnit/golox/pkg/utils/stringutil/stringutil.go:11.38,13.2 1 0
github.com/kaschnit/golox/pkg/ast/expr.go:17.55,19.2 1 0
github.com/kaschnit/golox/pkg/ast/expr.go:26.54,28.2 1 0
github.com/kaschnit/golox/pkg/ast/expr.go:34.57,36.2 1 0
github.com/kaschnit/golox/pkg/ast/expr.go:42.56,44.2 1 0
github.com/kaschnit/golox/cmd/lox/lox/main.go:3.13,5.2 1 0
github.com/kaschnit/golox/pkg/token/token.go:16.33,17.22 1 0
github.com/kaschnit/golox/pkg/token/token.go:20.2,20.61 1 0
github.com/kaschnit/golox/pkg/token/token.go:17.22,19.3 1 0
github.com/kaschnit/golox/pkg/token/tokentype/tokentype_utils.go:3.57,4.20 1 0
github.com/kaschnit/golox/pkg/token/tokentype/tokentype_utils.go:5.13,6.13 1 0
github.com/kaschnit/golox/pkg/token/tokentype/tokentype_utils.go:7.15,8.15 1 0
github.com/kaschnit/golox/pkg/token/tokentype/tokentype_utils.go:9.14,10.14 1 0
github.com/kaschnit/golox/pkg/token/tokentype/tokentype_utils.go:11.15,12.15 1 0
github.com/kaschnit/golox/pkg/token/tokentype/tokentype_utils.go:13.13,14.13 1 0
github.com/kaschnit/golox/pkg/token/tokentype/tokentype_utils.go:15.13,16.13 1 0
github.com/kaschnit/golox/pkg/token/tokentype/tokentype_utils.go:17.12,18.12 1 0
github.com/kaschnit/golox/pkg/token/tokentype/tokentype_utils.go:19.13,20.13 1 0
github.com/kaschnit/golox/pkg/token/tokentype/tokentype_utils.go:21.12,22.12 1 0
github.com/kaschnit/golox/pkg/token/tokentype/tokentype_utils.go:23.15,24.15 1 0
github.com/kaschnit/golox/pkg/token/tokentype/tokentype_utils.go:25.16,26.16 1 0
github.com/kaschnit/golox/pkg/token/tokentype/tokentype_utils.go:27.15,28.15 1 0
github.com/kaschnit/golox/pkg/token/tokentype/tokentype_utils.go:29.14,30.14 1 0
github.com/kaschnit/golox/pkg/token/tokentype/tokentype_utils.go:31.14,32.14 1 0
github.com/kaschnit/golox/pkg/token/tokentype/tokentype_utils.go:33.13,34.13 1 0
github.com/kaschnit/golox/pkg/token/tokentype/tokentype_utils.go:35.15,36.15 1 0
github.com/kaschnit/golox/pkg/token/tokentype/tokentype_utils.go:37.10,38.20 1 0
github.com/kaschnit/golox/pkg/token/tokentype/tokentype_utils.go:42.60,43.19 1 0
github.com/kaschnit/golox/pkg/token/tokentype/tokentype_utils.go:44.12,45.14 1 0
github.com/kaschnit/golox/pkg/token/tokentype/tokentype_utils.go:46.13,47.15 1 0
github.com/kaschnit/golox/pkg/token/tokentype/tokentype_utils.go:48.10,49.13 1 0
github.com/kaschnit/golox/pkg/ast/visitor/printer/printer.go:14.34,16.2 1 0
github.com/kaschnit/golox/pkg/ast/visitor/printer/printer.go:18.69,25.2 6 0
github.com/kaschnit/golox/pkg/ast/visitor/printer/printer.go:27.67,32.2 4 0
github.com/kaschnit/golox/pkg/ast/visitor/printer/printer.go:34.73,39.2 4 0
github.com/kaschnit/golox/pkg/ast/visitor/printer/printer.go:41.71,42.20 1 0
github.com/kaschnit/golox/pkg/ast/visitor/printer/printer.go:47.2,47.12 1 0
github.com/kaschnit/golox/pkg/ast/visitor/printer/printer.go:42.20,44.3 1 0
github.com/kaschnit/golox/pkg/ast/visitor/printer/printer.go:44.8,46.3 1 0
github.com/kaschnit/golox/pkg/scanner/scanner.go:22.41,31.2 1 0
github.com/kaschnit/golox/pkg/scanner/scanner.go:33.61,36.18 3 0
github.com/kaschnit/golox/pkg/scanner/scanner.go:45.2,45.23 1 0
github.com/kaschnit/golox/pkg/scanner/scanner.go:36.18,38.17 2 0
github.com/kaschnit/golox/pkg/scanner/scanner.go:38.17,40.4 1 0
github.com/kaschnit/golox/pkg/scanner/scanner.go:40.9,42.4 1 0
github.com/kaschnit/golox/pkg/scanner/scanner.go:48.53,49.16 1 0
github.com/kaschnit/golox/pkg/scanner/scanner.go:53.2,54.22 2 0
github.com/kaschnit/golox/pkg/scanner/scanner.go:49.16,51.3 1 0
github.com/kaschnit/golox/pkg/scanner/scanner.go:57.53,58.17 1 0
github.com/kaschnit/golox/pkg/scanner/scanner.go:68.2,71.14 3 0
github.com/kaschnit/golox/pkg/scanner/scanner.go:58.17,66.3 2 0
github.com/kaschnit/golox/pkg/scanner/scanner.go:73.11,74.50 1 0
github.com/kaschnit/golox/pkg/scanner/scanner.go:75.11,76.51 1 0
github.com/kaschnit/golox/pkg/scanner/scanner.go:77.11,78.50 1 0
github.com/kaschnit/golox/pkg/scanner/scanner.go:79.11,80.51 1 0
github.com/kaschnit/golox/pkg/scanner/scanner.go:81.11,82.45 1 0
github.com/kaschnit/golox/pkg/scanner/scanner.go:83.11,84.43 1 0
github.com/kaschnit/golox/pkg/scanner/scanner.go:85.11,86.45 1 0
github.com/kaschnit/golox/pkg/scanner/scanner.go:87.11,88.44 1 0
github.com/kaschnit/golox/pkg/scanner/scanner.go:89.11,90.49 1 0
github.com/kaschnit/golox/pkg/scanner/scanner.go:91.11,92.44 1 0
github.com/kaschnit/golox/pkg/scanner/scanner.go:95.11,96.23 1 0
github.com/kaschnit/golox/pkg/scanner/scanner.go:102.11,103.23 1 0
github.com/kaschnit/golox/pkg/scanner/scanner.go:109.11,110.23 1 0
github.com/kaschnit/golox/pkg/scanner/scanner.go:116.11,117.23 1 0
github.com/kaschnit/golox/pkg/scanner/scanner.go:123.11,124.23 1 0
github.com/kaschnit/golox/pkg/scanner/scanner.go:132.12,134.14 2 0
github.com/kaschnit/golox/pkg/scanner/scanner.go:135.11,136.14 1 0
github.com/kaschnit/golox/pkg/scanner/scanner.go:137.12,138.14 1 0
github.com/kaschnit/golox/pkg/scanner/scanner.go:139.12,141.23 2 0
github.com/kaschnit/golox/pkg/scanner/scanner.go:144.11,145.24 1 0
github.com/kaschnit/golox/pkg/scanner/scanner.go:148.10,149.37 1 0
github.com/kaschnit/golox/pkg/scanner/scanner.go:154.3,156.49 3 0
github.com/kaschnit/golox/pkg/scanner/scanner.go:96.23,99.4 2 0
github.com/kaschnit/golox/pkg/scanner/scanner.go:99.9,101.4 1 0
github.com/kaschnit/golox/pkg/scanner/scanner.go:103.23,106.4 2 0
github.com/kaschnit/golox/pkg/scanner/scanner.go:106.9,108.4 1 0
github.com/kaschnit/golox/pkg/scanner/scanner.go:110.23,113.4 2 0
github.com/kaschnit/golox/pkg/scanner/scanner.go:113.9,115.4 1 0
github.com/kaschnit/golox/pkg/scanner/scanner.go:117.23,120.4 2 0
github.com/kaschnit/golox/pkg/scanner/scanner.go:120.9,122.4 1 0
github.com/kaschnit/golox/pkg/scanner/scanner.go:124.23,127.4 2 0
github.com/kaschnit/golox/pkg/scanner/scanner.go:127.9,129.4 1 0
github.com/kaschnit/golox/pkg/scanner/scanner.go:149.37,151.4 1 0
github.com/kaschnit/golox/pkg/scanner/scanner.go:151.9,151.42 1 0
github.com/kaschnit/golox/pkg/scanner/scanner.go:151.42,153.4 1 0
github.com/kaschnit/golox/pkg/scanner/scanner.go:160.54,161.39 1 0
github.com/kaschnit/golox/pkg/scanner/scanner.go:168.2,168.17 1 0
github.com/kaschnit/golox/pkg/scanner/scanner.go:172.2,178.8 2 0
github.com/kaschnit/golox/pkg/scanner/scanner.go:161.39,162.24 1 0
github.com/kaschnit/golox/pkg/scanner/scanner.go:165.3,165.14 1 0
github.com/kaschnit/golox/pkg/scanner/scanner.go:162.24,164.4 1 0
github.com/kaschnit/golox/pkg/scanner/scanner.go:168.17,170.3 1 0
github.com/kaschnit/golox/pkg/scanner/scanner.go:181.54,182.42 1 0
github.com/kaschnit/golox/pkg/scanner/scanner.go:185.2,185.61 1 0
github.com/kaschnit/golox/pkg/scanner/scanner.go:192.2,194.16 3 0
github.com/kaschnit/golox/pkg/scanner/scanner.go:198.2,203.8 1 0
github.com/kaschnit/golox/pkg/scanner/scanner.go:182.42,184.3 1 0
github.com/kaschnit/golox/pkg/scanner/scanner.go:185.61,187.43 2 0
github.com/kaschnit/golox/pkg/scanner/scanner.go:187.43,189.4 1 0
github.com/kaschnit/golox/pkg/scanner/scanner.go:194.16,196.3 1 0
github.com/kaschnit/golox/pkg/scanner/scanner.go:206.58,207.47 1 0
github.com/kaschnit/golox/pkg/scanner/scanner.go:211.2,219.8 4 0
github.com/kaschnit/golox/pkg/scanner/scanner.go:207.47,209.3 1 0
github.com/kaschnit/golox/pkg/scanner/scanner.go:222.35,224.40 1 0
github.com/kaschnit/golox/pkg/scanner/scanner.go:227.2,227.21 1 0
github.com/kaschnit/golox/pkg/scanner/scanner.go:224.40,226.3 1 0
github.com/kaschnit/golox/pkg/scanner/scanner.go:230.75,237.2 1 0
github.com/kaschnit/golox/pkg/scanner/scanner.go:239.42,241.2 1 0
github.com/kaschnit/golox/pkg/scanner/scanner.go:243.44,245.17 1 0
github.com/kaschnit/golox/pkg/scanner/scanner.go:248.2,248.40 1 0
github.com/kaschnit/golox/pkg/scanner/scanner.go:245.17,247.3 1 0
github.com/kaschnit/golox/pkg/scanner/scanner.go:251.34,253.2 1 0
github.com/kaschnit/golox/pkg/parser/parser.go:15.47,21.2 1 0
github.com/kaschnit/golox/pkg/parser/parser.go:23.39,26.2 1 0
github.com/kaschnit/golox/pkg/parser/parser.go:28.43,30.68 2 0
github.com/kaschnit/golox/pkg/parser/parser.go:36.2,36.13 1 0
github.com/kaschnit/golox/pkg/parser/parser.go:30.68,35.3 4 0
github.com/kaschnit/golox/pkg/parser/parser.go:39.45,46.39 3 0
github.com/kaschnit/golox/pkg/parser/parser.go:52.2,52.13 1 0
github.com/kaschnit/golox/pkg/parser/parser.go:46.39,51.3 4 0
github.com/kaschnit/golox/pkg/parser/parser.go:55.39,57.56 2 0
github.com/kaschnit/golox/pkg/parser/parser.go:63.2,63.13 1 0
github.com/kaschnit/golox/pkg/parser/parser.go:57.56,62.3 4 0
github.com/kaschnit/golox/pkg/parser/parser.go:66.41,68.56 2 0
github.com/kaschnit/golox/pkg/parser/parser.go:74.2,74.13 1 0
github.com/kaschnit/golox/pkg/parser/parser.go:68.56,73.3 4 0
github.com/kaschnit/golox/pkg/parser/parser.go:77.40,78.55 1 0
github.com/kaschnit/golox/pkg/parser/parser.go:86.2,86.25 1 0
github.com/kaschnit/golox/pkg/parser/parser.go:78.55,85.3 3 0
github.com/kaschnit/golox/pkg/parser/parser.go:89.42,95.44 2 0
github.com/kaschnit/golox/pkg/parser/parser.go:95.44,98.3 2 0
github.com/kaschnit/golox/pkg/parser/parser.go:98.8,98.45 1 0
github.com/kaschnit/golox/pkg/parser/parser.go:98.45,100.3 1 0
github.com/kaschnit/golox/pkg/parser/parser.go:100.8,102.3 1 0
github.com/kaschnit/golox/pkg/parser/parser.go:105.41,109.2 3 0
github.com/kaschnit/golox/pkg/parser/parser.go:111.85,112.39 1 0
github.com/kaschnit/golox/pkg/parser/parser.go:117.2,117.14 1 0
github.com/kaschnit/golox/pkg/parser/parser.go:112.39,113.46 1 0
github.com/kaschnit/golox/pkg/parser/parser.go:113.46,115.4 1 0
github.com/kaschnit/golox/pkg/parser/parser.go:120.51,122.2 1 0
github.com/kaschnit/golox/tools/enum_gen/main.go:61.57,64.16 3 0
github.com/kaschnit/golox/tools/enum_gen/main.go:68.2,69.16 2 0
github.com/kaschnit/golox/tools/enum_gen/main.go:74.2,76.16 3 0
github.com/kaschnit/golox/tools/enum_gen/main.go:80.2,84.8 1 0
github.com/kaschnit/golox/tools/enum_gen/main.go:64.16,66.3 1 0
github.com/kaschnit/golox/tools/enum_gen/main.go:69.16,71.3 1 0
github.com/kaschnit/golox/tools/enum_gen/main.go:76.16,78.3 1 0
github.com/kaschnit/golox/tools/enum_gen/main.go:87.33,92.2 4 0
github.com/kaschnit/golox/tools/enum_gen/main.go:94.81,101.16 3 0
github.com/kaschnit/golox/tools/enum_gen/main.go:106.2,109.16 4 0
github.com/kaschnit/golox/tools/enum_gen/main.go:113.2,113.23 1 0
github.com/kaschnit/golox/tools/enum_gen/main.go:101.16,103.3 1 0
github.com/kaschnit/golox/tools/enum_gen/main.go:109.16,111.3 1 0
github.com/kaschnit/golox/tools/enum_gen/main.go:116.67,118.2 1 0
github.com/kaschnit/golox/tools/enum_gen/main.go:120.69,122.2 1 0
github.com/kaschnit/golox/tools/enum_gen/main.go:124.23,125.16 1 0
github.com/kaschnit/golox/tools/enum_gen/main.go:125.16,126.13 1 0
github.com/kaschnit/golox/tools/enum_gen/main.go:130.13,137.42 4 0
github.com/kaschnit/golox/tools/enum_gen/main.go:144.2,159.12 12 0
github.com/kaschnit/golox/tools/enum_gen/main.go:137.42,141.3 3 0
github.com/kaschnit/golox/pkg/token/tokentype/tokentype_string.go:6.44,7.19 1 0
github.com/kaschnit/golox/pkg/token/tokentype/tokentype_string.go:8.18,9.22 1 0
github.com/kaschnit/golox/pkg/token/tokentype/tokentype_string.go:10.19,11.23 1 0
github.com/kaschnit/golox/pkg/token/tokentype/tokentype_string.go:12.18,13.22 1 0
github.com/kaschnit/golox/pkg/token/tokentype/tokentype_string.go:14.19,15.23 1 0
github.com/kaschnit/golox/pkg/token/tokentype/tokentype_string.go:16.13,17.17 1 0
github.com/kaschnit/golox/pkg/token/tokentype/tokentype_string.go:18.11,19.15 1 0
github.com/kaschnit/golox/pkg/token/tokentype/tokentype_string.go:20.13,21.17 1 0
github.com/kaschnit/golox/pkg/token/tokentype/tokentype_string.go:22.12,23.16 1 0
github.com/kaschnit/golox/pkg/token/tokentype/tokentype_string.go:24.17,25.21 1 0
github.com/kaschnit/golox/pkg/token/tokentype/tokentype_string.go:26.13,27.17 1 0
github.com/kaschnit/golox/pkg/token/tokentype/tokentype_string.go:28.12,29.16 1 0
github.com/kaschnit/golox/pkg/token/tokentype/tokentype_string.go:30.12,31.16 1 0
github.com/kaschnit/golox/pkg/token/tokentype/tokentype_string.go:32.18,33.22 1 0
github.com/kaschnit/golox/pkg/token/tokentype/tokentype_string.go:34.13,35.17 1 0
github.com/kaschnit/golox/pkg/token/tokentype/tokentype_string.go:36.19,37.23 1 0
github.com/kaschnit/golox/pkg/token/tokentype/tokentype_string.go:38.15,39.19 1 0
github.com/kaschnit/golox/pkg/token/tokentype/tokentype_string.go:40.21,41.25 1 0
github.com/kaschnit/golox/pkg/token/tokentype/tokentype_string.go:42.12,43.16 1 0
github.com/kaschnit/golox/pkg/token/tokentype/tokentype_string.go:44.18,45.22 1 0
github.com/kaschnit/golox/pkg/token/tokentype/tokentype_string.go:46.18,47.22 1 0
github.com/kaschnit/golox/pkg/token/tokentype/tokentype_string.go:48.14,49.18 1 0
github.com/kaschnit/golox/pkg/token/tokentype/tokentype_string.go:50.14,51.18 1 0
github.com/kaschnit/golox/pkg/token/tokentype/tokentype_string.go:52.11,53.15 1 0
github.com/kaschnit/golox/pkg/token/tokentype/tokentype_string.go:54.13,55.17 1 0
github.com/kaschnit/golox/pkg/token/tokentype/tokentype_string.go:56.12,57.16 1 0
github.com/kaschnit/golox/pkg/token/tokentype/tokentype_string.go:58.13,59.17 1 0
github.com/kaschnit/golox/pkg/token/tokentype/tokentype_string.go:60.11,61.15 1 0
github.com/kaschnit/golox/pkg/token/tokentype/tokentype_string.go:62.11,63.15 1 0
github.com/kaschnit/golox/pkg/token/tokentype/tokentype_string.go:64.10,65.14 1 0
github.com/kaschnit/golox/pkg/token/tokentype/tokentype_string.go:66.11,67.15 1 0
github.com/kaschnit/golox/pkg/token/tokentype/tokentype_string.go:68.10,69.14 1 0
github.com/kaschnit/golox/pkg/token/tokentype/tokentype_string.go:70.13,71.17 1 0
github.com/kaschnit/golox/pkg/token/tokentype/tokentype_string.go:72.14,73.18 1 0
github.com/kaschnit/golox/pkg/token/tokentype/tokentype_string.go:74.13,75.17 1 0
github.com/kaschnit/golox/pkg/token/tokentype/tokentype_string.go:76.12,77.16 1 0
github.com/kaschnit/golox/pkg/token/tokentype/tokentype_string.go:78.12,79.16 1 0
github.com/kaschnit/golox/pkg/token/tokentype/tokentype_string.go:80.11,81.15 1 0
github.com/kaschnit/golox/pkg/token/tokentype/tokentype_string.go:82.13,83.17 1 0
github.com/kaschnit/golox/pkg/token/tokentype/tokentype_string.go:84.11,85.15 1 0
github.com/kaschnit/golox/pkg/token/tokentype/tokentype_string.go:86.10,87.12 1 0
github.com/kaschnit/golox/cmd/lox/scanner/main.go:12.13,16.18 3 0
github.com/kaschnit/golox/cmd/lox/scanner/main.go:16.18,18.7 2 0
github.com/kaschnit/golox/cmd/lox/scanner/main.go:18.7,23.37 5 0
github.com/kaschnit/golox/cmd/lox/scanner/main.go:23.37,25.5 1 0
github.com/kaschnit/golox/pkg/token/token.go:16.33,17.22 1 0
github.com/kaschnit/golox/pkg/token/token.go:20.2,20.61 1 0
github.com/kaschnit/golox/pkg/token/token.go:17.22,19.3 1 0
github.com/kaschnit/golox/cmd/lox/scanner/main.go:12.13,16.18 3 0
github.com/kaschnit/golox/cmd/lox/scanner/main.go:16.18,18.7 2 0
github.com/kaschnit/golox/cmd/lox/scanner/main.go:18.7,23.37 5 0
github.com/kaschnit/golox/cmd/lox/scanner/main.go:23.37,25.5 1 0
github.com/kaschnit/golox/pkg/parser/parser.go:15.47,21.2 1 0
github.com/kaschnit/golox/pkg/parser/parser.go:23.39,26.2 1 0
github.com/kaschnit/golox/pkg/parser/parser.go:28.43,30.68 2 0
github.com/kaschnit/golox/pkg/parser/parser.go:36.2,36.13 1 0
github.com/kaschnit/golox/pkg/parser/parser.go:30.68,35.3 4 0
github.com/kaschnit/golox/pkg/parser/parser.go:39.45,46.39 3 0
github.com/kaschnit/golox/pkg/parser/parser.go:52.2,52.13 1 0
github.com/kaschnit/golox/pkg/parser/parser.go:46.39,51.3 4 0
github.com/kaschnit/golox/pkg/parser/parser.go:55.39,57.56 2 0
github.com/kaschnit/golox/pkg/parser/parser.go:63.2,63.13 1 0
github.com/kaschnit/golox/pkg/parser/parser.go:57.56,62.3 4 0
github.com/kaschnit/golox/pkg/parser/parser.go:66.41,68.56 2 0
github.com/kaschnit/golox/pkg/parser/parser.go:74.2,74.13 1 0
github.com/kaschnit/golox/pkg/parser/parser.go:68.56,73.3 4 0
github.com/kaschnit/golox/pkg/parser/parser.go:77.40,78.55 1 0
github.com/kaschnit/golox/pkg/parser/parser.go:86.2,86.25 1 0
github.com/kaschnit/golox/pkg/parser/parser.go:78.55,85.3 3 0
github.com/kaschnit/golox/pkg/parser/parser.go:89.42,95.44 2 0
github.com/kaschnit/golox/pkg/parser/parser.go:95.44,98.3 2 0
github.com/kaschnit/golox/pkg/parser/parser.go:98.8,98.45 1 0
github.com/kaschnit/golox/pkg/parser/parser.go:98.45,100.3 1 0
github.com/kaschnit/golox/pkg/parser/parser.go:100.8,102.3 1 0
github.com/kaschnit/golox/pkg/parser/parser.go:105.41,109.2 3 0
github.com/kaschnit/golox/pkg/parser/parser.go:111.85,112.39 1 0
github.com/kaschnit/golox/pkg/parser/parser.go:117.2,117.14 1 0
github.com/kaschnit/golox/pkg/parser/parser.go:112.39,113.46 1 0
github.com/kaschnit/golox/pkg/parser/parser.go:113.46,115.4 1 0
github.com/kaschnit/golox/pkg/parser/parser.go:120.51,122.2 1 0
github.com/kaschnit/golox/tools/enum_gen/main.go:61.57,64.16 3 0
github.com/kaschnit/golox/tools/enum_gen/main.go:68.2,69.16 2 0
github.com/kaschnit/golox/tools/enum_gen/main.go:74.2,76.16 3 0
github.com/kaschnit/golox/tools/enum_gen/main.go:80.2,84.8 1 0
github.com/kaschnit/golox/tools/enum_gen/main.go:64.16,66.3 1 0
github.com/kaschnit/golox/tools/enum_gen/main.go:69.16,71.3 1 0
github.com/kaschnit/golox/tools/enum_gen/main.go:76.16,78.3 1 0
github.com/kaschnit/golox/tools/enum_gen/main.go:87.33,92.2 4 0
github.com/kaschnit/golox/tools/enum_gen/main.go:94.81,101.16 3 0
github.com/kaschnit/golox/tools/enum_gen/main.go:106.2,109.16 4 0
github.com/kaschnit/golox/tools/enum_gen/main.go:113.2,113.23 1 0
github.com/kaschnit/golox/tools/enum_gen/main.go:101.16,103.3 1 0
github.com/kaschnit/golox/tools/enum_gen/main.go:109.16,111.3 1 0
github.com/kaschnit/golox/tools/enum_gen/main.go:116.67,118.2 1 0
github.com/kaschnit/golox/tools/enum_gen/main.go:120.69,122.2 1 0
github.com/kaschnit/golox/tools/enum_gen/main.go:124.23,125.16 1 0
github.com/kaschnit/golox/tools/enum_gen/main.go:125.16,126.13 1 0
github.com/kaschnit/golox/tools/enum_gen/main.go:130.13,137.42 4 0
github.com/kaschnit/golox/tools/enum_gen/main.go:144.2,159.12 12 0
github.com/kaschnit/golox/tools/enum_gen/main.go:137.42,141.3 3 0
github.com/kaschnit/golox/pkg/utils/errorutil/errorutil.go:5.43,7.2 1 0
github.com/kaschnit/golox/cmd/lox/lox/main.go:3.13,5.2 1 0
github.com/kaschnit/golox/pkg/ast/expr.go:17.55,19.2 1 0
github.com/kaschnit/golox/pkg/ast/expr.go:26.54,28.2 1 0
github.com/kaschnit/golox/pkg/ast/expr.go:34.57,36.2 1 0
github.com/kaschnit/golox/pkg/ast/expr.go:42.56,44.2 1 0
github.com/kaschnit/golox/pkg/ast/visitor/printer/printer.go:14.34,16.2 1 0
github.com/kaschnit/golox/pkg/ast/visitor/printer/printer.go:18.69,25.2 6 0
github.com/kaschnit/golox/pkg/ast/visitor/printer/printer.go:27.67,32.2 4 0
github.com/kaschnit/golox/pkg/ast/visitor/printer/printer.go:34.73,39.2 4 0
github.com/kaschnit/golox/pkg/ast/visitor/printer/printer.go:41.71,42.20 1 0
github.com/kaschnit/golox/pkg/ast/visitor/printer/printer.go:47.2,47.12 1 0
github.com/kaschnit/golox/pkg/ast/visitor/printer/printer.go:42.20,44.3 1 0
github.com/kaschnit/golox/pkg/ast/visitor/printer/printer.go:44.8,46.3 1 0
github.com/kaschnit/golox/pkg/token/tokentype/tokentype_string.go:6.44,7.19 1 0
github.com/kaschnit/golox/pkg/token/tokentype/tokentype_string.go:8.18,9.22 1 0
github.com/kaschnit/golox/pkg/token/tokentype/tokentype_string.go:10.19,11.23 1 0
github.com/kaschnit/golox/pkg/token/tokentype/tokentype_string.go:12.18,13.22 1 0
github.com/kaschnit/golox/pkg/token/tokentype/tokentype_string.go:14.19,15.23 1 0
github.com/kaschnit/golox/pkg/token/tokentype/tokentype_string.go:16.13,17.17 1 0
github.com/kaschnit/golox/pkg/token/tokentype/tokentype_string.go:18.11,19.15 1 0
github.com/kaschnit/golox/pkg/token/tokentype/tokentype_string.go:20.13,21.17 1 0
github.com/kaschnit/golox/pkg/token/tokentype/tokentype_string.go:22.12,23.16 1 0
github.com/kaschnit/golox/pkg/token/tokentype/tokentype_string.go:24.17,25.21 1 0
github.com/kaschnit/golox/pkg/token/tokentype/tokentype_string.go:26.13,27.17 1 0
github.com/kaschnit/golox/pkg/token/tokentype/tokentype_string.go:28.12,29.16 1 0
github.com/kaschnit/golox/pkg/token/tokentype/tokentype_string.go:30.12,31.16 1 0
github.com/kaschnit/golox/pkg/token/tokentype/tokentype_string.go:32.18,33.22 1 0
github.com/kaschnit/golox/pkg/token/tokentype/tokentype_string.go:34.13,35.17 1 0
github.com/kaschnit/golox/pkg/token/tokentype/tokentype_string.go:36.19,37.23 1 0
github.com/kaschnit/golox/pkg/token/tokentype/tokentype_string.go:38.15,39.19 1 0
github.com/kaschnit/golox/pkg/token/tokentype/tokentype_string.go:40.21,41.25 1 0
github.com/kaschnit/golox/pkg/token/tokentype/tokentype_string.go:42.12,43.16 1 0
github.com/kaschnit/golox/pkg/token/tokentype/tokentype_string.go:44.18,45.22 1 0
github.com/kaschnit/golox/pkg/token/tokentype/tokentype_string.go:46.18,47.22 1 0
github.com/kaschnit/golox/pkg/token/tokentype/tokentype_string.go:48.14,49.18 1 0
github.com/kaschnit/golox/pkg/token/tokentype/tokentype_string.go:50.14,51.18 1 0
github.com/kaschnit/golox/pkg/token/tokentype/tokentype_string.go:52.11,53.15 1 0
github.com/kaschnit/golox/pkg/token/tokentype/tokentype_string.go:54.13,55.17 1 0
github.com/kaschnit/golox/pkg/token/tokentype/tokentype_string.go:56.12,57.16 1 0
github.com/kaschnit/golox/pkg/token/tokentype/tokentype_string.go:58.13,59.17 1 0
github.com/kaschnit/golox/pkg/token/tokentype/tokentype_string.go:60.11,61.15 1 0
github.com/kaschnit/golox/pkg/token/tokentype/tokentype_string.go:62.11,63.15 1 0
github.com/kaschnit/golox/pkg/token/tokentype/tokentype_string.go:64.10,65.14 1 0
github.com/kaschnit/golox/pkg/token/tokentype/tokentype_string.go:66.11,67.15 1 0
github.com/kaschnit/golox/pkg/token/tokentype/tokentype_string.go:68.10,69.14 1 0
github.com/kaschnit/golox/pkg/token/tokentype/tokentype_string.go:70.13,71.17 1 0
github.com/kaschnit/golox/pkg/token/tokentype/tokentype_string.go:72.14,73.18 1 0
github.com/kaschnit/golox/pkg/token/tokentype/tokentype_string.go:74.13,75.17 1 0
github.com/kaschnit/golox/pkg/token/tokentype/tokentype_string.go:76.12,77.16 1 0
github.com/kaschnit/golox/pkg/token/tokentype/tokentype_string.go:78.12,79.16 1 0
github.com/kaschnit/golox/pkg/token/tokentype/tokentype_string.go:80.11,81.15 1 0
github.com/kaschnit/golox/pkg/token/tokentype/tokentype_string.go:82.13,83.17 1 0
github.com/kaschnit/golox/pkg/token/tokentype/tokentype_string.go:84.11,85.15 1 0
github.com/kaschnit/golox/pkg/token/tokentype/tokentype_string.go:86.10,87.12 1 0
github.com/kaschnit/golox/pkg/token/tokentype/tokentype_utils.go:3.57,4.20 1 0
github.com/kaschnit/golox/pkg/token/tokentype/tokentype_utils.go:5.13,6.13 1 0
github.com/kaschnit/golox/pkg/token/tokentype/tokentype_utils.go:7.15,8.15 1 0
github.com/kaschnit/golox/pkg/token/tokentype/tokentype_utils.go:9.14,10.14 1 0
github.com/kaschnit/golox/pkg/token/tokentype/tokentype_utils.go:11.15,12.15 1 0
github.com/kaschnit/golox/pkg/token/tokentype/tokentype_utils.go:13.13,14.13 1 0
github.com/kaschnit/golox/pkg/token/tokentype/tokentype_utils.go:15.13,16.13 1 0
github.com/kaschnit/golox/pkg/token/tokentype/tokentype_utils.go:17.12,18.12 1 0
github.com/kaschnit/golox/pkg/token/tokentype/tokentype_utils.go:19.13,20.13 1 0
github.com/kaschnit/golox/pkg/token/tokentype/tokentype_utils.go:21.12,22.12 1 0
github.com/kaschnit/golox/pkg/token/tokentype/tokentype_utils.go:23.15,24.15 1 0
github.com/kaschnit/golox/pkg/token/tokentype/tokentype_utils.go:25.16,26.16 1 0
github.com/kaschnit/golox/pkg/token/tokentype/tokentype_utils.go:27.15,28.15 1 0
github.com/kaschnit/golox/pkg/token/tokentype/tokentype_utils.go:29.14,30.14 1 0
github.com/kaschnit/golox/pkg/token/tokentype/tokentype_utils.go:31.14,32.14 1 0
github.com/kaschnit/golox/pkg/token/tokentype/tokentype_utils.go:33.13,34.13 1 0
github.com/kaschnit/golox/pkg/token/tokentype/tokentype_utils.go:35.15,36.15 1 0
github.com/kaschnit/golox/pkg/token/tokentype/tokentype_utils.go:37.10,38.20 1 0
github.com/kaschnit/golox/pkg/token/tokentype/tokentype_utils.go:42.60,43.19 1 0
github.com/kaschnit/golox/pkg/token/tokentype/tokentype_utils.go:44.12,45.14 1 0
github.com/kaschnit/golox/pkg/token/tokentype/tokentype_utils.go:46.13,47.15 1 0
github.com/kaschnit/golox/pkg/token/tokentype/tokentype_utils.go:48.10,49.13 1 0
github.com/kaschnit/golox/pkg/utils/stringutil/stringutil.go:3.31,5.2 1 0
github.com/kaschnit/golox/pkg/utils/stringutil/stringutil.go:7.33,9.2 1 0
github.com/kaschnit/golox/pkg/utils/stringutil/stringutil.go:11.38,13.2 1 0
github.com/kaschnit/golox/pkg/scanner/scanner.go:22.41,31.2 1 0
github.com/kaschnit/golox/pkg/scanner/scanner.go:33.61,36.18 3 0
github.com/kaschnit/golox/pkg/scanner/scanner.go:45.2,45.23 1 0
github.com/kaschnit/golox/pkg/scanner/scanner.go:36.18,38.17 2 0
github.com/kaschnit/golox/pkg/scanner/scanner.go:38.17,40.4 1 0
github.com/kaschnit/golox/pkg/scanner/scanner.go:40.9,42.4 1 0
github.com/kaschnit/golox/pkg/scanner/scanner.go:48.53,49.16 1 0
github.com/kaschnit/golox/pkg/scanner/scanner.go:53.2,54.22 2 0
github.com/kaschnit/golox/pkg/scanner/scanner.go:49.16,51.3 1 0
github.com/kaschnit/golox/pkg/scanner/scanner.go:57.53,58.17 1 0
github.com/kaschnit/golox/pkg/scanner/scanner.go:68.2,71.14 3 0
github.com/kaschnit/golox/pkg/scanner/scanner.go:58.17,66.3 2 0
github.com/kaschnit/golox/pkg/scanner/scanner.go:73.11,74.50 1 0
github.com/kaschnit/golox/pkg/scanner/scanner.go:75.11,76.51 1 0
github.com/kaschnit/golox/pkg/scanner/scanner.go:77.11,78.50 1 0
github.com/kaschnit/golox/pkg/scanner/scanner.go:79.11,80.51 1 0
github.com/kaschnit/golox/pkg/scanner/scanner.go:81.11,82.45 1 0
github.com/kaschnit/golox/pkg/scanner/scanner.go:83.11,84.43 1 0
github.com/kaschnit/golox/pkg/scanner/scanner.go:85.11,86.45 1 0
github.com/kaschnit/golox/pkg/scanner/scanner.go:87.11,88.44 1 0
github.com/kaschnit/golox/pkg/scanner/scanner.go:89.11,90.49 1 0
github.com/kaschnit/golox/pkg/scanner/scanner.go:91.11,92.44 1 0
github.com/kaschnit/golox/pkg/scanner/scanner.go:95.11,96.23 1 0
github.com/kaschnit/golox/pkg/scanner/scanner.go:102.11,103.23 1 0
github.com/kaschnit/golox/pkg/scanner/scanner.go:109.11,110.23 1 0
github.com/kaschnit/golox/pkg/scanner/scanner.go:116.11,117.23 1 0
github.com/kaschnit/golox/pkg/scanner/scanner.go:123.11,124.23 1 0
github.com/kaschnit/golox/pkg/scanner/scanner.go:132.12,134.14 2 0
github.com/kaschnit/golox/pkg/scanner/scanner.go:135.11,136.14 1 0
github.com/kaschnit/golox/pkg/scanner/scanner.go:137.12,138.14 1 0
github.com/kaschnit/golox/pkg/scanner/scanner.go:139.12,141.23 2 0
github.com/kaschnit/golox/pkg/scanner/scanner.go:144.11,145.24 1 0
github.com/kaschnit/golox/pkg/scanner/scanner.go:148.10,149.37 1 0
github.com/kaschnit/golox/pkg/scanner/scanner.go:154.3,156.49 3 0
github.com/kaschnit/golox/pkg/scanner/scanner.go:96.23,99.4 2 0
github.com/kaschnit/golox/pkg/scanner/scanner.go:99.9,101.4 1 0
github.com/kaschnit/golox/pkg/scanner/scanner.go:103.23,106.4 2 0
github.com/kaschnit/golox/pkg/scanner/scanner.go:106.9,108.4 1 0
github.com/kaschnit/golox/pkg/scanner/scanner.go:110.23,113.4 2 0
github.com/kaschnit/golox/pkg/scanner/scanner.go:113.9,115.4 1 0
github.com/kaschnit/golox/pkg/scanner/scanner.go:117.23,120.4 2 0
github.com/kaschnit/golox/pkg/scanner/scanner.go:120.9,122.4 1 0
github.com/kaschnit/golox/pkg/scanner/scanner.go:124.23,127.4 2 0
github.com/kaschnit/golox/pkg/scanner/scanner.go:127.9,129.4 1 0
github.com/kaschnit/golox/pkg/scanner/scanner.go:149.37,151.4 1 0
github.com/kaschnit/golox/pkg/scanner/scanner.go:151.9,151.42 1 0
github.com/kaschnit/golox/pkg/scanner/scanner.go:151.42,153.4 1 0
github.com/kaschnit/golox/pkg/scanner/scanner.go:160.54,161.39 1 0
github.com/kaschnit/golox/pkg/scanner/scanner.go:168.2,168.17 1 0
github.com/kaschnit/golox/pkg/scanner/scanner.go:172.2,178.8 2 0
github.com/kaschnit/golox/pkg/scanner/scanner.go:161.39,162.24 1 0
github.com/kaschnit/golox/pkg/scanner/scanner.go:165.3,165.14 1 0
github.com/kaschnit/golox/pkg/scanner/scanner.go:162.24,164.4 1 0
github.com/kaschnit/golox/pkg/scanner/scanner.go:168.17,170.3 1 0
github.com/kaschnit/golox/pkg/scanner/scanner.go:181.54,182.42 1 0
github.com/kaschnit/golox/pkg/scanner/scanner.go:185.2,185.61 1 0
github.com/kaschnit/golox/pkg/scanner/scanner.go:192.2,194.16 3 0
github.com/kaschnit/golox/pkg/scanner/scanner.go:198.2,203.8 1 0
github.com/kaschnit/golox/pkg/scanner/scanner.go:182.42,184.3 1 0
github.com/kaschnit/golox/pkg/scanner/scanner.go:185.61,187.43 2 0
github.com/kaschnit/golox/pkg/scanner/scanner.go:187.43,189.4 1 0
github.com/kaschnit/golox/pkg/scanner/scanner.go:194.16,196.3 1 0
github.com/kaschnit/golox/pkg/scanner/scanner.go:206.58,207.47 1 0
github.com/kaschnit/golox/pkg/scanner/scanner.go:211.2,219.8 4 0
github.com/kaschnit/golox/pkg/scanner/scanner.go:207.47,209.3 1 0
github.com/kaschnit/golox/pkg/scanner/scanner.go:222.35,224.40 1 0
github.com/kaschnit/golox/pkg/scanner/scanner.go:227.2,227.21 1 0
github.com/kaschnit/golox/pkg/scanner/scanner.go:224.40,226.3 1 0
github.com/kaschnit/golox/pkg/scanner/scanner.go:230.75,237.2 1 0
github.com/kaschnit/golox/pkg/scanner/scanner.go:239.42,241.2 1 0
github.com/kaschnit/golox/pkg/scanner/scanner.go:243.44,245.17 1 0
github.com/kaschnit/golox/pkg/scanner/scanner.go:248.2,248.40 1 0
github.com/kaschnit/golox/pkg/scanner/scanner.go:245.17,247.3 1 0
github.com/kaschnit/golox/pkg/scanner/scanner.go:251.34,253.2 1 0
github.com/kaschnit/golox/pkg/token/tokentype/tokentype_utils.go:3.57,4.20 1 0
github.com/kaschnit/golox/pkg/token/tokentype/tokentype_utils.go:5.13,6.13 1 0
github.com/kaschnit/golox/pkg/token/tokentype/tokentype_utils.go:7.15,8.15 1 0
github.com/kaschnit/golox/pkg/token/tokentype/tokentype_utils.go:9.14,10.14 1 0
github.com/kaschnit/golox/pkg/token/tokentype/tokentype_utils.go:11.15,12.15 1 0
github.com/kaschnit/golox/pkg/token/tokentype/tokentype_utils.go:13.13,14.13 1 0
github.com/kaschnit/golox/pkg/token/tokentype/tokentype_utils.go:15.13,16.13 1 0
github.com/kaschnit/golox/pkg/token/tokentype/tokentype_utils.go:17.12,18.12 1 0
github.com/kaschnit/golox/pkg/token/tokentype/tokentype_utils.go:19.13,20.13 1 0
github.com/kaschnit/golox/pkg/token/tokentype/tokentype_utils.go:21.12,22.12 1 0
github.com/kaschnit/golox/pkg/token/tokentype/tokentype_utils.go:23.15,24.15 1 0
github.com/kaschnit/golox/pkg/token/tokentype/tokentype_utils.go:25.16,26.16 1 0
github.com/kaschnit/golox/pkg/token/tokentype/tokentype_utils.go:27.15,28.15 1 0
github.com/kaschnit/golox/pkg/token/tokentype/tokentype_utils.go:29.14,30.14 1 0
github.com/kaschnit/golox/pkg/token/tokentype/tokentype_utils.go:31.14,32.14 1 0
github.com/kaschnit/golox/pkg/token/tokentype/tokentype_utils.go:33.13,34.13 1 0
github.com/kaschnit/golox/pkg/token/tokentype/tokentype_utils.go:35.15,36.15 1 0
github.com/kaschnit/golox/pkg/token/tokentype/tokentype_utils.go:37.10,38.20 1 0
github.com/kaschnit/golox/pkg/token/tokentype/tokentype_utils.go:42.60,43.19 1 0
github.com/kaschnit/golox/pkg/token/tokentype/tokentype_utils.go:44.12,45.14 1 0
github.com/kaschnit/golox/pkg/token/tokentype/tokentype_utils.go:46.13,47.15 1 0
github.com/kaschnit/golox/pkg/token/tokentype/tokentype_utils.go:48.10,49.13 1 0
github.com/kaschnit/golox/pkg/utils/errorutil/errorutil.go:5.43,7.2 1 0
github.com/kaschnit/golox/pkg/parser/parser.go:15.47,21.2 1 0
github.com/kaschnit/golox/pkg/parser/parser.go:23.39,26.2 1 0
github.com/kaschnit/golox/pkg/parser/parser.go:28.43,30.68 2 0
github.com/kaschnit/golox/pkg/parser/parser.go:36.2,36.13 1 0
github.com/kaschnit/golox/pkg/parser/parser.go:30.68,35.3 4 0
github.com/kaschnit/golox/pkg/parser/parser.go:39.45,46.39 3 0
github.com/kaschnit/golox/pkg/parser/parser.go:52.2,52.13 1 0
github.com/kaschnit/golox/pkg/parser/parser.go:46.39,51.3 4 0
github.com/kaschnit/golox/pkg/parser/parser.go:55.39,57.56 2 0
github.com/kaschnit/golox/pkg/parser/parser.go:63.2,63.13 1 0
github.com/kaschnit/golox/pkg/parser/parser.go:57.56,62.3 4 0
github.com/kaschnit/golox/pkg/parser/parser.go:66.41,68.56 2 0
github.com/kaschnit/golox/pkg/parser/parser.go:74.2,74.13 1 0
github.com/kaschnit/golox/pkg/parser/parser.go:68.56,73.3 4 0
github.com/kaschnit/golox/pkg/parser/parser.go:77.40,78.55 1 0
github.com/kaschnit/golox/pkg/parser/parser.go:86.2,86.25 1 0
github.com/kaschnit/golox/pkg/parser/parser.go:78.55,85.3 3 0
github.com/kaschnit/golox/pkg/parser/parser.go:89.42,95.44 2 0
github.com/kaschnit/golox/pkg/parser/parser.go:95.44,98.3 2 0
github.com/kaschnit/golox/pkg/parser/parser.go:98.8,98.45 1 0
github.com/kaschnit/golox/pkg/parser/parser.go:98.45,100.3 1 0
github.com/kaschnit/golox/pkg/parser/parser.go:100.8,102.3 1 0
github.com/kaschnit/golox/pkg/parser/parser.go:105.41,109.2 3 0
github.com/kaschnit/golox/pkg/parser/parser.go:111.85,112.39 1 0
github.com/kaschnit/golox/pkg/parser/parser.go:117.2,117.14 1 0
github.com/kaschnit/golox/pkg/parser/parser.go:112.39,113.46 1 0
github.com/kaschnit/golox/pkg/parser/parser.go:113.46,115.4 1 0
github.com/kaschnit/golox/pkg/parser/parser.go:120.51,122.2 1 0
github.com/kaschnit/golox/pkg/ast/visitor/printer/printer.go:14.34,16.2 1 1
github.com/kaschnit/golox/pkg/ast/visitor/printer/printer.go:18.69,25.2 6 1
github.com/kaschnit/golox/pkg/ast/visitor/printer/printer.go:27.67,32.2 4 1
github.com/kaschnit/golox/pkg/ast/visitor/printer/printer.go:34.73,39.2 4 1
github.com/kaschnit/golox/pkg/ast/visitor/printer/printer.go:41.71,42.20 1 1
github.com/kaschnit/golox/pkg/ast/visitor/printer/printer.go:47.2,47.12 1 1
github.com/kaschnit/golox/pkg/ast/visitor/printer/printer.go:42.20,44.3 1 1
github.com/kaschnit/golox/pkg/ast/visitor/printer/printer.go:44.8,46.3 1 1
github.com/kaschnit/golox/pkg/token/tokentype/tokentype_string.go:6.44,7.19 1 0
github.com/kaschnit/golox/pkg/token/tokentype/tokentype_string.go:8.18,9.22 1 0
github.com/kaschnit/golox/pkg/token/tokentype/tokentype_string.go:10.19,11.23 1 0
github.com/kaschnit/golox/pkg/token/tokentype/tokentype_string.go:12.18,13.22 1 0
github.com/kaschnit/golox/pkg/token/tokentype/tokentype_string.go:14.19,15.23 1 0
github.com/kaschnit/golox/pkg/token/tokentype/tokentype_string.go:16.13,17.17 1 0
github.com/kaschnit/golox/pkg/token/tokentype/tokentype_string.go:18.11,19.15 1 0
github.com/kaschnit/golox/pkg/token/tokentype/tokentype_string.go:20.13,21.17 1 0
github.com/kaschnit/golox/pkg/token/tokentype/tokentype_string.go:22.12,23.16 1 0
github.com/kaschnit/golox/pkg/token/tokentype/tokentype_string.go:24.17,25.21 1 0
github.com/kaschnit/golox/pkg/token/tokentype/tokentype_string.go:26.13,27.17 1 0
github.com/kaschnit/golox/pkg/token/tokentype/tokentype_string.go:28.12,29.16 1 0
github.com/kaschnit/golox/pkg/token/tokentype/tokentype_string.go:30.12,31.16 1 0
github.com/kaschnit/golox/pkg/token/tokentype/tokentype_string.go:32.18,33.22 1 0
github.com/kaschnit/golox/pkg/token/tokentype/tokentype_string.go:34.13,35.17 1 0
github.com/kaschnit/golox/pkg/token/tokentype/tokentype_string.go:36.19,37.23 1 0
github.com/kaschnit/golox/pkg/token/tokentype/tokentype_string.go:38.15,39.19 1 0
github.com/kaschnit/golox/pkg/token/tokentype/tokentype_string.go:40.21,41.25 1 0
github.com/kaschnit/golox/pkg/token/tokentype/tokentype_string.go:42.12,43.16 1 0
github.com/kaschnit/golox/pkg/token/tokentype/tokentype_string.go:44.18,45.22 1 0
github.com/kaschnit/golox/pkg/token/tokentype/tokentype_string.go:46.18,47.22 1 0
github.com/kaschnit/golox/pkg/token/tokentype/tokentype_string.go:48.14,49.18 1 0
github.com/kaschnit/golox/pkg/token/tokentype/tokentype_string.go:50.14,51.18 1 0
github.com/kaschnit/golox/pkg/token/tokentype/tokentype_string.go:52.11,53.15 1 0
github.com/kaschnit/golox/pkg/token/tokentype/tokentype_string.go:54.13,55.17 1 0
github.com/kaschnit/golox/pkg/token/tokentype/tokentype_string.go:56.12,57.16 1 0
github.com/kaschnit/golox/pkg/token/tokentype/tokentype_string.go:58.13,59.17 1 0
github.com/kaschnit/golox/pkg/token/tokentype/tokentype_string.go:60.11,61.15 1 0
github.com/kaschnit/golox/pkg/token/tokentype/tokentype_string.go:62.11,63.15 1 0
github.com/kaschnit/golox/pkg/token/tokentype/tokentype_string.go:64.10,65.14 1 0
github.com/kaschnit/golox/pkg/token/tokentype/tokentype_string.go:66.11,67.15 1 0
github.com/kaschnit/golox/pkg/token/tokentype/tokentype_string.go:68.10,69.14 1 0
github.com/kaschnit/golox/pkg/token/tokentype/tokentype_string.go:70.13,71.17 1 0
github.com/kaschnit/golox/pkg/token/tokentype/tokentype_string.go:72.14,73.18 1 0
github.com/kaschnit/golox/pkg/token/tokentype/tokentype_string.go:74.13,75.17 1 0
github.com/kaschnit/golox/pkg/token/tokentype/tokentype_string.go:76.12,77.16 1 0
github.com/kaschnit/golox/pkg/token/tokentype/tokentype_string.go:78.12,79.16 1 0
github.com/kaschnit/golox/pkg/token/tokentype/tokentype_string.go:80.11,81.15 1 0
github.com/kaschnit/golox/pkg/token/tokentype/tokentype_string.go:82.13,83.17 1 0
github.com/kaschnit/golox/pkg/token/tokentype/tokentype_string.go:84.11,85.15 1 0
github.com/kaschnit/golox/pkg/token/tokentype/tokentype_string.go:86.10,87.12 1 0
github.com/kaschnit/golox/pkg/scanner/scanner.go:22.41,31.2 1 0
github.com/kaschnit/golox/pkg/scanner/scanner.go:33.61,36.18 3 0
github.com/kaschnit/golox/pkg/scanner/scanner.go:45.2,45.23 1 0
github.com/kaschnit/golox/pkg/scanner/scanner.go:36.18,38.17 2 0
github.com/kaschnit/golox/pkg/scanner/scanner.go:38.17,40.4 1 0
github.com/kaschnit/golox/pkg/scanner/scanner.go:40.9,42.4 1 0
github.com/kaschnit/golox/pkg/scanner/scanner.go:48.53,49.16 1 0
github.com/kaschnit/golox/pkg/scanner/scanner.go:53.2,54.22 2 0
github.com/kaschnit/golox/pkg/scanner/scanner.go:49.16,51.3 1 0
github.com/kaschnit/golox/pkg/scanner/scanner.go:57.53,58.17 1 0
github.com/kaschnit/golox/pkg/scanner/scanner.go:68.2,71.14 3 0
github.com/kaschnit/golox/pkg/scanner/scanner.go:58.17,66.3 2 0
github.com/kaschnit/golox/pkg/scanner/scanner.go:73.11,74.50 1 0
github.com/kaschnit/golox/pkg/scanner/scanner.go:75.11,76.51 1 0
github.com/kaschnit/golox/pkg/scanner/scanner.go:77.11,78.50 1 0
github.com/kaschnit/golox/pkg/scanner/scanner.go:79.11,80.51 1 0
github.com/kaschnit/golox/pkg/scanner/scanner.go:81.11,82.45 1 0
github.com/kaschnit/golox/pkg/scanner/scanner.go:83.11,84.43 1 0
github.com/kaschnit/golox/pkg/scanner/scanner.go:85.11,86.45 1 0
github.com/kaschnit/golox/pkg/scanner/scanner.go:87.11,88.44 1 0
github.com/kaschnit/golox/pkg/scanner/scanner.go:89.11,90.49 1 0
github.com/kaschnit/golox/pkg/scanner/scanner.go:91.11,92.44 1 0
github.com/kaschnit/golox/pkg/scanner/scanner.go:95.11,96.23 1 0
github.com/kaschnit/golox/pkg/scanner/scanner.go:102.11,103.23 1 0
github.com/kaschnit/golox/pkg/scanner/scanner.go:109.11,110.23 1 0
github.com/kaschnit/golox/pkg/scanner/scanner.go:116.11,117.23 1 0
github.com/kaschnit/golox/pkg/scanner/scanner.go:123.11,124.23 1 0
github.com/kaschnit/golox/pkg/scanner/scanner.go:132.12,134.14 2 0
github.com/kaschnit/golox/pkg/scanner/scanner.go:135.11,136.14 1 0
github.com/kaschnit/golox/pkg/scanner/scanner.go:137.12,138.14 1 0
github.com/kaschnit/golox/pkg/scanner/scanner.go:139.12,141.23 2 0
github.com/kaschnit/golox/pkg/scanner/scanner.go:144.11,145.24 1 0
github.com/kaschnit/golox/pkg/scanner/scanner.go:148.10,149.37 1 0
github.com/kaschnit/golox/pkg/scanner/scanner.go:154.3,156.49 3 0
github.com/kaschnit/golox/pkg/scanner/scanner.go:96.23,99.4 2 0
github.com/kaschnit/golox/pkg/scanner/scanner.go:99.9,101.4 1 0
github.com/kaschnit/golox/pkg/scanner/scanner.go:103.23,106.4 2 0
github.com/kaschnit/golox/pkg/scanner/scanner.go:106.9,108.4 1 0
github.com/kaschnit/golox/pkg/scanner/scanner.go:110.23,113.4 2 0
github.com/kaschnit/golox/pkg/scanner/scanner.go:113.9,115.4 1 0
github.com/kaschnit/golox/pkg/scanner/scanner.go:117.23,120.4 2 0
github.com/kaschnit/golox/pkg/scanner/scanner.go:120.9,122.4 1 0
github.com/kaschnit/golox/pkg/scanner/scanner.go:124.23,127.4 2 0
github.com/kaschnit/golox/pkg/scanner/scanner.go:127.9,129.4 1 0
github.com/kaschnit/golox/pkg/scanner/scanner.go:149.37,151.4 1 0
github.com/kaschnit/golox/pkg/scanner/scanner.go:151.9,151.42 1 0
github.com/kaschnit/golox/pkg/scanner/scanner.go:151.42,153.4 1 0
github.com/kaschnit/golox/pkg/scanner/scanner.go:160.54,161.39 1 0
github.com/kaschnit/golox/pkg/scanner/scanner.go:168.2,168.17 1 0
github.com/kaschnit/golox/pkg/scanner/scanner.go:172.2,178.8 2 0
github.com/kaschnit/golox/pkg/scanner/scanner.go:161.39,162.24 1 0
github.com/kaschnit/golox/pkg/scanner/scanner.go:165.3,165.14 1 0
github.com/kaschnit/golox/pkg/scanner/scanner.go:162.24,164.4 1 0
github.com/kaschnit/golox/pkg/scanner/scanner.go:168.17,170.3 1 0
github.com/kaschnit/golox/pkg/scanner/scanner.go:181.54,182.42 1 0
github.com/kaschnit/golox/pkg/scanner/scanner.go:185.2,185.61 1 0
github.com/kaschnit/golox/pkg/scanner/scanner.go:192.2,194.16 3 0
github.com/kaschnit/golox/pkg/scanner/scanner.go:198.2,203.8 1 0
github.com/kaschnit/golox/pkg/scanner/scanner.go:182.42,184.3 1 0
github.com/kaschnit/golox/pkg/scanner/scanner.go:185.61,187.43 2 0
github.com/kaschnit/golox/pkg/scanner/scanner.go:187.43,189.4 1 0
github.com/kaschnit/golox/pkg/scanner/scanner.go:194.16,196.3 1 0
github.com/kaschnit/golox/pkg/scanner/scanner.go:206.58,207.47 1 0
github.com/kaschnit/golox/pkg/scanner/scanner.go:211.2,219.8 4 0
github.com/kaschnit/golox/pkg/scanner/scanner.go:207.47,209.3 1 0
github.com/kaschnit/golox/pkg/scanner/scanner.go:222.35,224.40 1 0
github.com/kaschnit/golox/pkg/scanner/scanner.go:227.2,227.21 1 0
github.com/kaschnit/golox/pkg/scanner/scanner.go:224.40,226.3 1 0
github.com/kaschnit/golox/pkg/scanner/scanner.go:230.75,237.2 1 0
github.com/kaschnit/golox/pkg/scanner/scanner.go:239.42,241.2 1 0
github.com/kaschnit/golox/pkg/scanner/scanner.go:243.44,245.17 1 0
github.com/kaschnit/golox/pkg/scanner/scanner.go:248.2,248.40 1 0
github.com/kaschnit/golox/pkg/scanner/scanner.go:245.17,247.3 1 0
github.com/kaschnit/golox/pkg/scanner/scanner.go:251.34,253.2 1 0
github.com/kaschnit/golox/cmd/lox/scanner/main.go:12.13,16.18 3 0
github.com/kaschnit/golox/cmd/lox/scanner/main.go:16.18,18.7 2 0
github.com/kaschnit/golox/cmd/lox/scanner/main.go:18.7,23.37 5 0
github.com/kaschnit/golox/cmd/lox/scanner/main.go:23.37,25.5 1 0
github.com/kaschnit/golox/pkg/token/token.go:16.33,17.22 1 0
github.com/kaschnit/golox/pkg/token/token.go:20.2,20.61 1 0
github.com/kaschnit/golox/pkg/token/token.go:17.22,19.3 1 0
github.com/kaschnit/golox/tools/enum_gen/main.go:61.57,64.16 3 0
github.com/kaschnit/golox/tools/enum_gen/main.go:68.2,69.16 2 0
github.com/kaschnit/golox/tools/enum_gen/main.go:74.2,76.16 3 0
github.com/kaschnit/golox/tools/enum_gen/main.go:80.2,84.8 1 0
github.com/kaschnit/golox/tools/enum_gen/main.go:64.16,66.3 1 0
github.com/kaschnit/golox/tools/enum_gen/main.go:69.16,71.3 1 0
github.com/kaschnit/golox/tools/enum_gen/main.go:76.16,78.3 1 0
github.com/kaschnit/golox/tools/enum_gen/main.go:87.33,92.2 4 0
github.com/kaschnit/golox/tools/enum_gen/main.go:94.81,101.16 3 0
github.com/kaschnit/golox/tools/enum_gen/main.go:106.2,109.16 4 0
github.com/kaschnit/golox/tools/enum_gen/main.go:113.2,113.23 1 0
github.com/kaschnit/golox/tools/enum_gen/main.go:101.16,103.3 1 0
github.com/kaschnit/golox/tools/enum_gen/main.go:109.16,111.3 1 0
github.com/kaschnit/golox/tools/enum_gen/main.go:116.67,118.2 1 0
github.com/kaschnit/golox/tools/enum_gen/main.go:120.69,122.2 1 0
github.com/kaschnit/golox/tools/enum_gen/main.go:124.23,125.16 1 0
github.com/kaschnit/golox/tools/enum_gen/main.go:125.16,126.13 1 0
github.com/kaschnit/golox/tools/enum_gen/main.go:130.13,137.42 4 0
github.com/kaschnit/golox/tools/enum_gen/main.go:144.2,159.12 12 0
github.com/kaschnit/golox/tools/enum_gen/main.go:137.42,141.3 3 0
github.com/kaschnit/golox/cmd/lox/lox/main.go:3.13,5.2 1 0
github.com/kaschnit/golox/pkg/utils/stringutil/stringutil.go:3.31,5.2 1 0
github.com/kaschnit/golox/pkg/utils/stringutil/stringutil.go:7.33,9.2 1 0
github.com/kaschnit/golox/pkg/utils/stringutil/stringutil.go:11.38,13.2 1 0
github.com/kaschnit/golox/pkg/ast/expr.go:17.55,19.2 1 1
github.com/kaschnit/golox/pkg/ast/expr.go:26.54,28.2 1 1
github.com/kaschnit/golox/pkg/ast/expr.go:34.57,36.2 1 1
github.com/kaschnit/golox/pkg/ast/expr.go:42.56,44.2 1 1
github.com/kaschnit/golox/pkg/token/tokentype/tokentype_utils.go:3.57,4.20 1 1
github.com/kaschnit/golox/pkg/token/tokentype/tokentype_utils.go:5.13,6.13 1 1
github.com/kaschnit/golox/pkg/token/tokentype/tokentype_utils.go:7.15,8.15 1 1
github.com/kaschnit/golox/pkg/token/tokentype/tokentype_utils.go:9.14,10.14 1 1
github.com/kaschnit/golox/pkg/token/tokentype/tokentype_utils.go:11.15,12.15 1 1
github.com/kaschnit/golox/pkg/token/tokentype/tokentype_utils.go:13.13,14.13 1 1
github.com/kaschnit/golox/pkg/token/tokentype/tokentype_utils.go:15.13,16.13 1 1
github.com/kaschnit/golox/pkg/token/tokentype/tokentype_utils.go:17.12,18.12 1 1
github.com/kaschnit/golox/pkg/token/tokentype/tokentype_utils.go:19.13,20.13 1 1
github.com/kaschnit/golox/pkg/token/tokentype/tokentype_utils.go:21.12,22.12 1 1
github.com/kaschnit/golox/pkg/token/tokentype/tokentype_utils.go:23.15,24.15 1 1
github.com/kaschnit/golox/pkg/token/tokentype/tokentype_utils.go:25.16,26.16 1 1
github.com/kaschnit/golox/pkg/token/tokentype/tokentype_utils.go:27.15,28.15 1 1
github.com/kaschnit/golox/pkg/token/tokentype/tokentype_utils.go:29.14,30.14 1 1
github.com/kaschnit/golox/pkg/token/tokentype/tokentype_utils.go:31.14,32.14 1 1
github.com/kaschnit/golox/pkg/token/tokentype/tokentype_utils.go:33.13,34.13 1 1
github.com/kaschnit/golox/pkg/token/tokentype/tokentype_utils.go:35.15,36.15 1 1
github.com/kaschnit/golox/pkg/token/tokentype/tokentype_utils.go:37.10,38.20 1 1
github.com/kaschnit/golox/pkg/token/tokentype/tokentype_utils.go:42.60,43.19 1 1
github.com/kaschnit/golox/pkg/token/tokentype/tokentype_utils.go:44.12,45.14 1 1
github.com/kaschnit/golox/pkg/token/tokentype/tokentype_utils.go:46.13,47.15 1 1
github.com/kaschnit/golox/pkg/token/tokentype/tokentype_utils.go:48.10,49.13 1 1
github.com/kaschnit/golox/pkg/utils/errorutil/errorutil.go:5.43,7.2 1 1
github.com/kaschnit/golox/cmd/lox/scanner/main.go:12.13,16.18 3 0
github.com/kaschnit/golox/cmd/lox/scanner/main.go:16.18,18.7 2 0
github.com/kaschnit/golox/cmd/lox/scanner/main.go:18.7,23.37 5 0
github.com/kaschnit/golox/cmd/lox/scanner/main.go:23.37,25.5 1 0
github.com/kaschnit/golox/tools/enum_gen/main.go:61.57,64.16 3 0
github.com/kaschnit/golox/tools/enum_gen/main.go:68.2,69.16 2 0
github.com/kaschnit/golox/tools/enum_gen/main.go:74.2,76.16 3 0
github.com/kaschnit/golox/tools/enum_gen/main.go:80.2,84.8 1 0
github.com/kaschnit/golox/tools/enum_gen/main.go:64.16,66.3 1 0
github.com/kaschnit/golox/tools/enum_gen/main.go:69.16,71.3 1 0
github.com/kaschnit/golox/tools/enum_gen/main.go:76.16,78.3 1 0
github.com/kaschnit/golox/tools/enum_gen/main.go:87.33,92.2 4 0
github.com/kaschnit/golox/tools/enum_gen/main.go:94.81,101.16 3 0
github.com/kaschnit/golox/tools/enum_gen/main.go:106.2,109.16 4 0
github.com/kaschnit/golox/tools/enum_gen/main.go:113.2,113.23 1 0
github.com/kaschnit/golox/tools/enum_gen/main.go:101.16,103.3 1 0
github.com/kaschnit/golox/tools/enum_gen/main.go:109.16,111.3 1 0
github.com/kaschnit/golox/tools/enum_gen/main.go:116.67,118.2 1 0
github.com/kaschnit/golox/tools/enum_gen/main.go:120.69,122.2 1 0
github.com/kaschnit/golox/tools/enum_gen/main.go:124.23,125.16 1 0
github.com/kaschnit/golox/tools/enum_gen/main.go:125.16,126.13 1 0
github.com/kaschnit/golox/tools/enum_gen/main.go:130.13,137.42 4 0
github.com/kaschnit/golox/tools/enum_gen/main.go:144.2,159.12 12 0
github.com/kaschnit/golox/tools/enum_gen/main.go:137.42,141.3 3 0
github.com/kaschnit/golox/pkg/utils/stringutil/stringutil.go:3.31,5.2 1 1
github.com/kaschnit/golox/pkg/utils/stringutil/stringutil.go:7.33,9.2 1 1
github.com/kaschnit/golox/pkg/utils/stringutil/stringutil.go:11.38,13.2 1 1
github.com/kaschnit/golox/pkg/ast/expr.go:17.55,19.2 1 0
github.com/kaschnit/golox/pkg/ast/expr.go:26.54,28.2 1 0
github.com/kaschnit/golox/pkg/ast/expr.go:34.57,36.2 1 0
github.com/kaschnit/golox/pkg/ast/expr.go:42.56,44.2 1 0
github.com/kaschnit/golox/pkg/parser/parser.go:15.47,21.2 1 0
github.com/kaschnit/golox/pkg/parser/parser.go:23.39,26.2 1 0
github.com/kaschnit/golox/pkg/parser/parser.go:28.43,30.68 2 0
github.com/kaschnit/golox/pkg/parser/parser.go:36.2,36.13 1 0
github.com/kaschnit/golox/pkg/parser/parser.go:30.68,35.3 4 0
github.com/kaschnit/golox/pkg/parser/parser.go:39.45,46.39 3 0
github.com/kaschnit/golox/pkg/parser/parser.go:52.2,52.13 1 0
github.com/kaschnit/golox/pkg/parser/parser.go:46.39,51.3 4 0
github.com/kaschnit/golox/pkg/parser/parser.go:55.39,57.56 2 0
github.com/kaschnit/golox/pkg/parser/parser.go:63.2,63.13 1 0
github.com/kaschnit/golox/pkg/parser/parser.go:57.56,62.3 4 0
github.com/kaschnit/golox/pkg/parser/parser.go:66.41,68.56 2 0
github.com/kaschnit/golox/pkg/parser/parser.go:74.2,74.13 1 0
github.com/kaschnit/golox/pkg/parser/parser.go:68.56,73.3 4 0
github.com/kaschnit/golox/pkg/parser/parser.go:77.40,78.55 1 0
github.com/kaschnit/golox/pkg/parser/parser.go:86.2,86.25 1 0
github.com/kaschnit/golox/pkg/parser/parser.go:78.55,85.3 3 0
github.com/kaschnit/golox/pkg/parser/parser.go:89.42,95.44 2 0
github.com/kaschnit/golox/pkg/parser/parser.go:95.44,98.3 2 0
github.com/kaschnit/golox/pkg/parser/parser.go:98.8,98.45 1 0
github.com/kaschnit/golox/pkg/parser/parser.go:98.45,100.3 1 0
github.com/kaschnit/golox/pkg/parser/parser.go:100.8,102.3 1 0
github.com/kaschnit/golox/pkg/parser/parser.go:105.41,109.2 3 0
github.com/kaschnit/golox/pkg/parser/parser.go:111.85,112.39 1 0
github.com/kaschnit/golox/pkg/parser/parser.go:117.2,117.14 1 0
github.com/kaschnit/golox/pkg/parser/parser.go:112.39,113.46 1 0
github.com/kaschnit/golox/pkg/parser/parser.go:113.46,115.4 1 0
github.com/kaschnit/golox/pkg/parser/parser.go:120.51,122.2 1 0
github.com/kaschnit/golox/pkg/ast/visitor/printer/printer.go:14.34,16.2 1 0
github.com/kaschnit/golox/pkg/ast/visitor/printer/printer.go:18.69,25.2 6 0
github.com/kaschnit/golox/pkg/ast/visitor/printer/printer.go:27.67,32.2 4 0
github.com/kaschnit/golox/pkg/ast/visitor/printer/printer.go:34.73,39.2 4 0
github.com/kaschnit/golox/pkg/ast/visitor/printer/printer.go:41.71,42.20 1 0
github.com/kaschnit/golox/pkg/ast/visitor/printer/printer.go:47.2,47.12 1 0
github.com/kaschnit/golox/pkg/ast/visitor/printer/printer.go:42.20,44.3 1 0
github.com/kaschnit/golox/pkg/ast/visitor/printer/printer.go:44.8,46.3 1 0
github.com/kaschnit/golox/cmd/lox/lox/main.go:3.13,5.2 1 0
github.com/kaschnit/golox/pkg/token/tokentype/tokentype_string.go:6.44,7.19 1 0
github.com/kaschnit/golox/pkg/token/tokentype/tokentype_string.go:8.18,9.22 1 0
github.com/kaschnit/golox/pkg/token/tokentype/tokentype_string.go:10.19,11.23 1 0
github.com/kaschnit/golox/pkg/token/tokentype/tokentype_string.go:12.18,13.22 1 0
github.com/kaschnit/golox/pkg/token/tokentype/tokentype_string.go:14.19,15.23 1 0
github.com/kaschnit/golox/pkg/token/tokentype/tokentype_string.go:16.13,17.17 1 0
github.com/kaschnit/golox/pkg/token/tokentype/tokentype_string.go:18.11,19.15 1 0
github.com/kaschnit/golox/pkg/token/tokentype/tokentype_string.go:20.13,21.17 1 0
github.com/kaschnit/golox/pkg/token/tokentype/tokentype_string.go:22.12,23.16 1 0
github.com/kaschnit/golox/pkg/token/tokentype/tokentype_string.go:24.17,25.21 1 0
github.com/kaschnit/golox/pkg/token/tokentype/tokentype_string.go:26.13,27.17 1 0
github.com/kaschnit/golox/pkg/token/tokentype/tokentype_string.go:28.12,29.16 1 0
github.com/kaschnit/golox/pkg/token/tokentype/tokentype_string.go:30.12,31.16 1 0
github.com/kaschnit/golox/pkg/token/tokentype/tokentype_string.go:32.18,33.22 1 0
github.com/kaschnit/golox/pkg/token/tokentype/tokentype_string.go:34.13,35.17 1 0
github.com/kaschnit/golox/pkg/token/tokentype/tokentype_string.go:36.19,37.23 1 0
github.com/kaschnit/golox/pkg/token/tokentype/tokentype_string.go:38.15,39.19 1 0
github.com/kaschnit/golox/pkg/token/tokentype/tokentype_string.go:40.21,41.25 1 0
github.com/kaschnit/golox/pkg/token/tokentype/tokentype_string.go:42.12,43.16 1 0
github.com/kaschnit/golox/pkg/token/tokentype/tokentype_string.go:44.18,45.22 1 0
github.com/kaschnit/golox/pkg/token/tokentype/tokentype_string.go:46.18,47.22 1 0
github.com/kaschnit/golox/pkg/token/tokentype/tokentype_string.go:48.14,49.18 1 0
github.com/kaschnit/golox/pkg/token/tokentype/tokentype_string.go:50.14,51.18 1 0
github.com/kaschnit/golox/pkg/token/tokentype/tokentype_string.go:52.11,53.15 1 0
github.com/kaschnit/golox/pkg/token/tokentype/tokentype_string.go:54.13,55.17 1 0
github.com/kaschnit/golox/pkg/token/tokentype/tokentype_string.go:56.12,57.16 1 0
github.com/kaschnit/golox/pkg/token/tokentype/tokentype_string.go:58.13,59.17 1 0
github.com/kaschnit/golox/pkg/token/tokentype/tokentype_string.go:60.11,61.15 1 0
github.com/kaschnit/golox/pkg/token/tokentype/tokentype_string.go:62.11,63.15 1 0
github.com/kaschnit/golox/pkg/token/tokentype/tokentype_string.go:64.10,65.14 1 0
github.com/kaschnit/golox/pkg/token/tokentype/tokentype_string.go:66.11,67.15 1 0
github.com/kaschnit/golox/pkg/token/tokentype/tokentype_string.go:68.10,69.14 1 0
github.com/kaschnit/golox/pkg/token/tokentype/tokentype_string.go:70.13,71.17 1 0
github.com/kaschnit/golox/pkg/token/tokentype/tokentype_string.go:72.14,73.18 1 0
github.com/kaschnit/golox/pkg/token/tokentype/tokentype_string.go:74.13,75.17 1 0
github.com/kaschnit/golox/pkg/token/tokentype/tokentype_string.go:76.12,77.16 1 0
github.com/kaschnit/golox/pkg/token/tokentype/tokentype_string.go:78.12,79.16 1 0
github.com/kaschnit/golox/pkg/token/tokentype/tokentype_string.go:80.11,81.15 1 0
github.com/kaschnit/golox/pkg/token/tokentype/tokentype_string.go:82.13,83.17 1 0
github.com/kaschnit/golox/pkg/token/tokentype/tokentype_string.go:84.11,85.15 1 0
github.com/kaschnit/golox/pkg/token/tokentype/tokentype_string.go:86.10,87.12 1 0
github.com/kaschnit/golox/pkg/token/token.go:16.33,17.22 1 0
github.com/kaschnit/golox/pkg/token/token.go:20.2,20.61 1 0
github.com/kaschnit/golox/pkg/token/token.go:17.22,19.3 1 0
github.com/kaschnit/golox/pkg/scanner/scanner.go:22.41,31.2 1 1
github.com/kaschnit/golox/pkg/scanner/scanner.go:33.61,36.18 3 1
github.com/kaschnit/golox/pkg/scanner/scanner.go:45.2,45.23 1 1
github.com/kaschnit/golox/pkg/scanner/scanner.go:36.18,38.17 2 1
github.com/kaschnit/golox/pkg/scanner/scanner.go:38.17,40.4 1 1
github.com/kaschnit/golox/pkg/scanner/scanner.go:40.9,42.4 1 1
github.com/kaschnit/golox/pkg/scanner/scanner.go:48.53,49.16 1 1
github.com/kaschnit/golox/pkg/scanner/scanner.go:53.2,54.22 2 1
github.com/kaschnit/golox/pkg/scanner/scanner.go:49.16,51.3 1 1
github.com/kaschnit/golox/pkg/scanner/scanner.go:57.53,58.17 1 1
github.com/kaschnit/golox/pkg/scanner/scanner.go:68.2,71.14 3 1
github.com/kaschnit/golox/pkg/scanner/scanner.go:58.17,66.3 2 1
github.com/kaschnit/golox/pkg/scanner/scanner.go:73.11,74.50 1 1
github.com/kaschnit/golox/pkg/scanner/scanner.go:75.11,76.51 1 1
github.com/kaschnit/golox/pkg/scanner/scanner.go:77.11,78.50 1 1
github.com/kaschnit/golox/pkg/scanner/scanner.go:79.11,80.51 1 1
github.com/kaschnit/golox/pkg/scanner/scanner.go:81.11,82.45 1 1
github.com/kaschnit/golox/pkg/scanner/scanner.go:83.11,84.43 1 1
github.com/kaschnit/golox/pkg/scanner/scanner.go:85.11,86.45 1 1
github.com/kaschnit/golox/pkg/scanner/scanner.go:87.11,88.44 1 1
github.com/kaschnit/golox/pkg/scanner/scanner.go:89.11,90.49 1 1
github.com/kaschnit/golox/pkg/scanner/scanner.go:91.11,92.44 1 1
github.com/kaschnit/golox/pkg/scanner/scanner.go:95.11,96.23 1 1
github.com/kaschnit/golox/pkg/scanner/scanner.go:102.11,103.23 1 1
github.com/kaschnit/golox/pkg/scanner/scanner.go:109.11,110.23 1 1
github.com/kaschnit/golox/pkg/scanner/scanner.go:116.11,117.23 1 1
github.com/kaschnit/golox/pkg/scanner/scanner.go:123.11,124.23 1 1
github.com/kaschnit/golox/pkg/scanner/scanner.go:132.12,134.14 2 1
github.com/kaschnit/golox/pkg/scanner/scanner.go:135.11,136.14 1 1
github.com/kaschnit/golox/pkg/scanner/scanner.go:137.12,138.14 1 1
github.com/kaschnit/golox/pkg/scanner/scanner.go:139.12,141.23 2 1
github.com/kaschnit/golox/pkg/scanner/scanner.go:144.11,145.24 1 1
github.com/kaschnit/golox/pkg/scanner/scanner.go:148.10,149.37 1 1
github.com/kaschnit/golox/pkg/scanner/scanner.go:154.3,156.49 3 1
github.com/kaschnit/golox/pkg/scanner/scanner.go:96.23,99.4 2 1
github.com/kaschnit/golox/pkg/scanner/scanner.go:99.9,101.4 1 1
github.com/kaschnit/golox/pkg/scanner/scanner.go:103.23,106.4 2 1
github.com/kaschnit/golox/pkg/scanner/scanner.go:106.9,108.4 1 1
github.com/kaschnit/golox/pkg/scanner/scanner.go:110.23,113.4 2 1
github.com/kaschnit/golox/pkg/scanner/scanner.go:113.9,115.4 1 1
github.com/kaschnit/golox/pkg/scanner/scanner.go:117.23,120.4 2 1
github.com/kaschnit/golox/pkg/scanner/scanner.go:120.9,122.4 1 1
github.com/kaschnit/golox/pkg/scanner/scanner.go:124.23,127.4 2 1
github.com/kaschnit/golox/pkg/scanner/scanner.go:127.9,129.4 1 1
github.com/kaschnit/golox/pkg/scanner/scanner.go:149.37,151.4 1 1
github.com/kaschnit/golox/pkg/scanner/scanner.go:151.9,151.42 1 1
github.com/kaschnit/golox/pkg/scanner/scanner.go:151.42,153.4 1 1
github.com/kaschnit/golox/pkg/scanner/scanner.go:160.54,161.39 1 1
github.com/kaschnit/golox/pkg/scanner/scanner.go:168.2,168.17 1 1
github.com/kaschnit/golox/pkg/scanner/scanner.go:172.2,178.8 2 1
github.com/kaschnit/golox/pkg/scanner/scanner.go:161.39,162.24 1 1
github.com/kaschnit/golox/pkg/scanner/scanner.go:165.3,165.14 1 1
github.com/kaschnit/golox/pkg/scanner/scanner.go:162.24,164.4 1 1
github.com/kaschnit/golox/pkg/scanner/scanner.go:168.17,170.3 1 1
github.com/kaschnit/golox/pkg/scanner/scanner.go:181.54,182.42 1 1
github.com/kaschnit/golox/pkg/scanner/scanner.go:185.2,185.61 1 1
github.com/kaschnit/golox/pkg/scanner/scanner.go:192.2,194.16 3 1
github.com/kaschnit/golox/pkg/scanner/scanner.go:198.2,203.8 1 1
github.com/kaschnit/golox/pkg/scanner/scanner.go:182.42,184.3 1 1
github.com/kaschnit/golox/pkg/scanner/scanner.go:185.61,187.43 2 1
github.com/kaschnit/golox/pkg/scanner/scanner.go:187.43,189.4 1 1
github.com/kaschnit/golox/pkg/scanner/scanner.go:194.16,196.3 1 0
github.com/kaschnit/golox/pkg/scanner/scanner.go:206.58,207.47 1 1
github.com/kaschnit/golox/pkg/scanner/scanner.go:211.2,219.8 4 1
github.com/kaschnit/golox/pkg/scanner/scanner.go:207.47,209.3 1 1
github.com/kaschnit/golox/pkg/scanner/scanner.go:222.35,224.40 1 1
github.com/kaschnit/golox/pkg/scanner/scanner.go:227.2,227.21 1 1
github.com/kaschnit/golox/pkg/scanner/scanner.go:224.40,226.3 1 1
github.com/kaschnit/golox/pkg/scanner/scanner.go:230.75,237.2 1 1
github.com/kaschnit/golox/pkg/scanner/scanner.go:239.42,241.2 1 1
github.com/kaschnit/golox/pkg/scanner/scanner.go:243.44,245.17 1 1
github.com/kaschnit/golox/pkg/scanner/scanner.go:248.2,248.40 1 1
github.com/kaschnit/golox/pkg/scanner/scanner.go:245.17,247.3 1 1
github.com/kaschnit/golox/pkg/scanner/scanner.go:251.34,253.2 1 1
github.com/kaschnit/golox/pkg/utils/stringutil/stringutil.go:3.31,5.2 1 0
github.com/kaschnit/golox/pkg/utils/stringutil/stringutil.go:7.33,9.2 1 0
github.com/kaschnit/golox/pkg/utils/stringutil/stringutil.go:11.38,13.2 1 0
github.com/kaschnit/golox/pkg/scanner/scanner.go:22.41,31.2 1 0
github.com/kaschnit/golox/pkg/scanner/scanner.go:33.61,36.18 3 0
github.com/kaschnit/golox/pkg/scanner/scanner.go:45.2,45.23 1 0
github.com/kaschnit/golox/pkg/scanner/scanner.go:36.18,38.17 2 0
github.com/kaschnit/golox/pkg/scanner/scanner.go:38.17,40.4 1 0
github.com/kaschnit/golox/pkg/scanner/scanner.go:40.9,42.4 1 0
github.com/kaschnit/golox/pkg/scanner/scanner.go:48.53,49.16 1 0
github.com/kaschnit/golox/pkg/scanner/scanner.go:53.2,54.22 2 0
github.com/kaschnit/golox/pkg/scanner/scanner.go:49.16,51.3 1 0
github.com/kaschnit/golox/pkg/scanner/scanner.go:57.53,58.17 1 0
github.com/kaschnit/golox/pkg/scanner/scanner.go:68.2,71.14 3 0
github.com/kaschnit/golox/pkg/scanner/scanner.go:58.17,66.3 2 0
github.com/kaschnit/golox/pkg/scanner/scanner.go:73.11,74.50 1 0
github.com/kaschnit/golox/pkg/scanner/scanner.go:75.11,76.51 1 0
github.com/kaschnit/golox/pkg/scanner/scanner.go:77.11,78.50 1 0
github.com/kaschnit/golox/pkg/scanner/scanner.go:79.11,80.51 1 0
github.com/kaschnit/golox/pkg/scanner/scanner.go:81.11,82.45 1 0
github.com/kaschnit/golox/pkg/scanner/scanner.go:83.11,84.43 1 0
github.com/kaschnit/golox/pkg/scanner/scanner.go:85.11,86.45 1 0
github.com/kaschnit/golox/pkg/scanner/scanner.go:87.11,88.44 1 0
github.com/kaschnit/golox/pkg/scanner/scanner.go:89.11,90.49 1 0
github.com/kaschnit/golox/pkg/scanner/scanner.go:91.11,92.44 1 0
github.com/kaschnit/golox/pkg/scanner/scanner.go:95.11,96.23 1 0
github.com/kaschnit/golox/pkg/scanner/scanner.go:102.11,103.23 1 0
github.com/kaschnit/golox/pkg/scanner/scanner.go:109.11,110.23 1 0
github.com/kaschnit/golox/pkg/scanner/scanner.go:116.11,117.23 1 0
github.com/kaschnit/golox/pkg/scanner/scanner.go:123.11,124.23 1 0
github.com/kaschnit/golox/pkg/scanner/scanner.go:132.12,134.14 2 0
github.com/kaschnit/golox/pkg/scanner/scanner.go:135.11,136.14 1 0
github.com/kaschnit/golox/pkg/scanner/scanner.go:137.12,138.14 1 0
github.com/kaschnit/golox/pkg/scanner/scanner.go:139.12,141.23 2 0
github.com/kaschnit/golox/pkg/scanner/scanner.go:144.11,145.24 1 0
github.com/kaschnit/golox/pkg/scanner/scanner.go:148.10,149.37 1 0
github.com/kaschnit/golox/pkg/scanner/scanner.go:154.3,156.49 3 0
github.com/kaschnit/golox/pkg/scanner/scanner.go:96.23,99.4 2 0
github.com/kaschnit/golox/pkg/scanner/scanner.go:99.9,101.4 1 0
github.com/kaschnit/golox/pkg/scanner/scanner.go:103.23,106.4 2 0
github.com/kaschnit/golox/pkg/scanner/scanner.go:106.9,108.4 1 0
github.com/kaschnit/golox/pkg/scanner/scanner.go:110.23,113.4 2 0
github.com/kaschnit/golox/pkg/scanner/scanner.go:113.9,115.4 1 0
github.com/kaschnit/golox/pkg/scanner/scanner.go:117.23,120.4 2 0
github.com/kaschnit/golox/pkg/scanner/scanner.go:120.9,122.4 1 0
github.com/kaschnit/golox/pkg/scanner/scanner.go:124.23,127.4 2 0
github.com/kaschnit/golox/pkg/scanner/scanner.go:127.9,129.4 1 0
github.com/kaschnit/golox/pkg/scanner/scanner.go:149.37,151.4 1 0
github.com/kaschnit/golox/pkg/scanner/scanner.go:151.9,151.42 1 0
github.com/kaschnit/golox/pkg/scanner/scanner.go:151.42,153.4 1 0
github.com/kaschnit/golox/pkg/scanner/scanner.go:160.54,161.39 1 0
github.com/kaschnit/golox/pkg/scanner/scanner.go:168.2,168.17 1 0
github.com/kaschnit/golox/pkg/scanner/scanner.go:172.2,178.8 2 0
github.com/kaschnit/golox/pkg/scanner/scanner.go:161.39,162.24 1 0
github.com/kaschnit/golox/pkg/scanner/scanner.go:165.3,165.14 1 0
github.com/kaschnit/golox/pkg/scanner/scanner.go:162.24,164.4 1 0
github.com/kaschnit/golox/pkg/scanner/scanner.go:168.17,170.3 1 0
github.com/kaschnit/golox/pkg/scanner/scanner.go:181.54,182.42 1 0
github.com/kaschnit/golox/pkg/scanner/scanner.go:185.2,185.61 1 0
github.com/kaschnit/golox/pkg/scanner/scanner.go:192.2,194.16 3 0
github.com/kaschnit/golox/pkg/scanner/scanner.go:198.2,203.8 1 0
github.com/kaschnit/golox/pkg/scanner/scanner.go:182.42,184.3 1 0
github.com/kaschnit/golox/pkg/scanner/scanner.go:185.61,187.43 2 0
github.com/kaschnit/golox/pkg/scanner/scanner.go:187.43,189.4 1 0
github.com/kaschnit/golox/pkg/scanner/scanner.go:194.16,196.3 1 0
github.com/kaschnit/golox/pkg/scanner/scanner.go:206.58,207.47 1 0
github.com/kaschnit/golox/pkg/scanner/scanner.go:211.2,219.8 4 0
github.com/kaschnit/golox/pkg/scanner/scanner.go:207.47,209.3 1 0
github.com/kaschnit/golox/pkg/scanner/scanner.go:222.35,224.40 1 0
github.com/kaschnit/golox/pkg/scanner/scanner.go:227.2,227.21 1 0
github.com/kaschnit/golox/pkg/scanner/scanner.go:224.40,226.3 1 0
github.com/kaschnit/golox/pkg/scanner/scanner.go:230.75,237.2 1 0
github.com/kaschnit/golox/pkg/scanner/scanner.go:239.42,241.2 1 0
github.com/kaschnit/golox/pkg/scanner/scanner.go:243.44,245.17 1 0
github.com/kaschnit/golox/pkg/scanner/scanner.go:248.2,248.40 1 0
github.com/kaschnit/golox/pkg/scanner/scanner.go:245.17,247.3 1 0
github.com/kaschnit/golox/pkg/scanner/scanner.go:251.34,253.2 1 0
github.com/kaschnit/golox/cmd/lox/scanner/main.go:12.13,16.18 3 0
github.com/kaschnit/golox/cmd/lox/scanner/main.go:16.18,18.7 2 0
github.com/kaschnit/golox/cmd/lox/scanner/main.go:18.7,23.37 5 0
github.com/kaschnit/golox/cmd/lox/scanner/main.go:23.37,25.5 1 0
github.com/kaschnit/golox/tools/enum_gen/main.go:61.57,64.16 3 0
github.com/kaschnit/golox/tools/enum_gen/main.go:68.2,69.16 2 0
github.com/kaschnit/golox/tools/enum_gen/main.go:74.2,76.16 3 0
github.com/kaschnit/golox/tools/enum_gen/main.go:80.2,84.8 1 0
github.com/kaschnit/golox/tools/enum_gen/main.go:64.16,66.3 1 0
github.com/kaschnit/golox/tools/enum_gen/main.go:69.16,71.3 1 0
github.com/kaschnit/golox/tools/enum_gen/main.go:76.16,78.3 1 0
github.com/kaschnit/golox/tools/enum_gen/main.go:87.33,92.2 4 0
github.com/kaschnit/golox/tools/enum_gen/main.go:94.81,101.16 3 0
github.com/kaschnit/golox/tools/enum_gen/main.go:106.2,109.16 4 0
github.com/kaschnit/golox/tools/enum_gen/main.go:113.2,113.23 1 0
github.com/kaschnit/golox/tools/enum_gen/main.go:101.16,103.3 1 0
github.com/kaschnit/golox/tools/enum_gen/main.go:109.16,111.3 1 0
github.com/kaschnit/golox/tools/enum_gen/main.go:116.67,118.2 1 0
github.com/kaschnit/golox/tools/enum_gen/main.go:120.69,122.2 1 0
github.com/kaschnit/golox/tools/enum_gen/main.go:124.23,125.16 1 0
github.com/kaschnit/golox/tools/enum_gen/main.go:125.16,126.13 1 0
github.com/kaschnit/golox/tools/enum_gen/main.go:130.13,137.42 4 0
github.com/kaschnit/golox/tools/enum_gen/main.go:144.2,159.12 12 0
github.com/kaschnit/golox/tools/enum_gen/main.go:137.42,141.3 3 0
github.com/kaschnit/golox/pkg/token/tokentype/tokentype_string.go:6.44,7.19 1 1
github.com/kaschnit/golox/pkg/token/tokentype/tokentype_string.go:8.18,9.22 1 0
github.com/kaschnit/golox/pkg/token/tokentype/tokentype_string.go:10.19,11.23 1 0
github.com/kaschnit/golox/pkg/token/tokentype/tokentype_string.go:12.18,13.22 1 0
github.com/kaschnit/golox/pkg/token/tokentype/tokentype_string.go:14.19,15.23 1 0
github.com/kaschnit/golox/pkg/token/tokentype/tokentype_string.go:16.13,17.17 1 0
github.com/kaschnit/golox/pkg/token/tokentype/tokentype_string.go:18.11,19.15 1 0
github.com/kaschnit/golox/pkg/token/tokentype/tokentype_string.go:20.13,21.17 1 0
github.com/kaschnit/golox/pkg/token/tokentype/tokentype_string.go:22.12,23.16 1 0
github.com/kaschnit/golox/pkg/token/tokentype/tokentype_string.go:24.17,25.21 1 0
github.com/kaschnit/golox/pkg/token/tokentype/tokentype_string.go:26.13,27.17 1 0
github.com/kaschnit/golox/pkg/token/tokentype/tokentype_string.go:28.12,29.16 1 0
github.com/kaschnit/golox/pkg/token/tokentype/tokentype_string.go:30.12,31.16 1 0
github.com/kaschnit/golox/pkg/token/tokentype/tokentype_string.go:32.18,33.22 1 1
github.com/kaschnit/golox/pkg/token/tokentype/tokentype_string.go:34.13,35.17 1 0
github.com/kaschnit/golox/pkg/token/tokentype/tokentype_string.go:36.19,37.23 1 0
github.com/kaschnit/golox/pkg/token/tokentype/tokentype_string.go:38.15,39.19 1 0
github.com/kaschnit/golox/pkg/token/tokentype/tokentype_string.go:40.21,41.25 1 0
github.com/kaschnit/golox/pkg/token/tokentype/tokentype_string.go:42.12,43.16 1 0
github.com/kaschnit/golox/pkg/token/tokentype/tokentype_string.go:44.18,45.22 1 0
github.com/kaschnit/golox/pkg/token/tokentype/tokentype_string.go:46.18,47.22 1 0
github.com/kaschnit/golox/pkg/token/tokentype/tokentype_string.go:48.14,49.18 1 0
github.com/kaschnit/golox/pkg/token/tokentype/tokentype_string.go:50.14,51.18 1 0
github.com/kaschnit/golox/pkg/token/tokentype/tokentype_string.go:52.11,53.15 1 0
github.com/kaschnit/golox/pkg/token/tokentype/tokentype_string.go:54.13,55.17 1 0
github.com/kaschnit/golox/pkg/token/tokentype/tokentype_string.go:56.12,57.16 1 1
github.com/kaschnit/golox/pkg/token/tokentype/tokentype_string.go:58.13,59.17 1 0
github.com/kaschnit/golox/pkg/token/tokentype/tokentype_string.go:60.11,61.15 1 0
github.com/kaschnit/golox/pkg/token/tokentype/tokentype_string.go:62.11,63.15 1 1
github.com/kaschnit/golox/pkg/token/tokentype/tokentype_string.go:64.10,65.14 1 0
github.com/kaschnit/golox/pkg/token/tokentype/tokentype_string.go:66.11,67.15 1 0
github.com/kaschnit/golox/pkg/token/tokentype/tokentype_string.go:68.10,69.14 1 0
github.com/kaschnit/golox/pkg/token/tokentype/tokentype_string.go:70.13,71.17 1 0
github.com/kaschnit/golox/pkg/token/tokentype/tokentype_string.go:72.14,73.18 1 0
github.com/kaschnit/golox/pkg/token/tokentype/tokentype_string.go:74.13,75.17 1 0
github.com/kaschnit/golox/pkg/token/tokentype/tokentype_string.go:76.12,77.16 1 0
github.com/kaschnit/golox/pkg/token/tokentype/tokentype_string.go:78.12,79.16 1 0
github.com/kaschnit/golox/pkg/token/tokentype/tokentype_string.go:80.11,81.15 1 0
github.com/kaschnit/golox/pkg/token/tokentype/tokentype_string.go:82.13,83.17 1 0
github.com/kaschnit/golox/pkg/token/tokentype/tokentype_string.go:84.11,85.15 1 1
github.com/kaschnit/golox/pkg/token/tokentype/tokentype_string.go:86.10,87.12 1 0
github.com/kaschnit/golox/pkg/utils/errorutil/errorutil.go:5.43,7.2 1 0
github.com/kaschnit/golox/pkg/parser/parser.go:15.47,21.2 1 0
github.com/kaschnit/golox/pkg/parser/parser.go:23.39,26.2 1 0
github.com/kaschnit/golox/pkg/parser/parser.go:28.43,30.68 2 0
github.com/kaschnit/golox/pkg/parser/parser.go:36.2,36.13 1 0
github.com/kaschnit/golox/pkg/parser/parser.go:30.68,35.3 4 0
github.com/kaschnit/golox/pkg/parser/parser.go:39.45,46.39 3 0
github.com/kaschnit/golox/pkg/parser/parser.go:52.2,52.13 1 0
github.com/kaschnit/golox/pkg/parser/parser.go:46.39,51.3 4 0
github.com/kaschnit/golox/pkg/parser/parser.go:55.39,57.56 2 0
github.com/kaschnit/golox/pkg/parser/parser.go:63.2,63.13 1 0
github.com/kaschnit/golox/pkg/parser/parser.go:57.56,62.3 4 0
github.com/kaschnit/golox/pkg/parser/parser.go:66.41,68.56 2 0
github.com/kaschnit/golox/pkg/parser/parser.go:74.2,74.13 1 0
github.com/kaschnit/golox/pkg/parser/parser.go:68.56,73.3 4 0
github.com/kaschnit/golox/pkg/parser/parser.go:77.40,78.55 1 0
github.com/kaschnit/golox/pkg/parser/parser.go:86.2,86.25 1 0
github.com/kaschnit/golox/pkg/parser/parser.go:78.55,85.3 3 0
github.com/kaschnit/golox/pkg/parser/parser.go:89.42,95.44 2 0
github.com/kaschnit/golox/pkg/parser/parser.go:95.44,98.3 2 0
github.com/kaschnit/golox/pkg/parser/parser.go:98.8,98.45 1 0
github.com/kaschnit/golox/pkg/parser/parser.go:98.45,100.3 1 0
github.com/kaschnit/golox/pkg/parser/parser.go:100.8,102.3 1 0
github.com/kaschnit/golox/pkg/parser/parser.go:105.41,109.2 3 0
github.com/kaschnit/golox/pkg/parser/parser.go:111.85,112.39 1 0
github.com/kaschnit/golox/pkg/parser/parser.go:117.2,117.14 1 0
github.com/kaschnit/golox/pkg/parser/parser.go:112.39,113.46 1 0
github.com/kaschnit/golox/pkg/parser/parser.go:113.46,115.4 1 0
github.com/kaschnit/golox/pkg/parser/parser.go:120.51,122.2 1 0
github.com/kaschnit/golox/pkg/token/tokentype/tokentype_utils.go:3.57,4.20 1 0
github.com/kaschnit/golox/pkg/token/tokentype/tokentype_utils.go:5.13,6.13 1 0
github.com/kaschnit/golox/pkg/token/tokentype/tokentype_utils.go:7.15,8.15 1 0
github.com/kaschnit/golox/pkg/token/tokentype/tokentype_utils.go:9.14,10.14 1 0
github.com/kaschnit/golox/pkg/token/tokentype/tokentype_utils.go:11.15,12.15 1 0
github.com/kaschnit/golox/pkg/token/tokentype/tokentype_utils.go:13.13,14.13 1 0
github.com/kaschnit/golox/pkg/token/tokentype/tokentype_utils.go:15.13,16.13 1 0
github.com/kaschnit/golox/pkg/token/tokentype/tokentype_utils.go:17.12,18.12 1 0
github.com/kaschnit/golox/pkg/token/tokentype/tokentype_utils.go:19.13,20.13 1 0
github.com/kaschnit/golox/pkg/token/tokentype/tokentype_utils.go:21.12,22.12 1 0
github.com/kaschnit/golox/pkg/token/tokentype/tokentype_utils.go:23.15,24.15 1 0
github.com/kaschnit/golox/pkg/token/tokentype/tokentype_utils.go:25.16,26.16 1 0
github.com/kaschnit/golox/pkg/token/tokentype/tokentype_utils.go:27.15,28.15 1 0
github.com/kaschnit/golox/pkg/token/tokentype/tokentype_utils.go:29.14,30.14 1 0
github.com/kaschnit/golox/pkg/token/tokentype/tokentype_utils.go:31.14,32.14 1 0
github.com/kaschnit/golox/pkg/token/tokentype/tokentype_utils.go:33.13,34.13 1 0
github.com/kaschnit/golox/pkg/token/tokentype/tokentype_utils.go:35.15,36.15 1 0
github.com/kaschnit/golox/pkg/token/tokentype/tokentype_utils.go:37.10,38.20 1 0
github.com/kaschnit/golox/pkg/token/tokentype/tokentype_utils.go:42.60,43.19 1 0
github.com/kaschnit/golox/pkg/token/tokentype/tokentype_utils.go:44.12,45.14 1 0
github.com/kaschnit/golox/pkg/token/tokentype/tokentype_utils.go:46.13,47.15 1 0
github.com/kaschnit/golox/pkg/token/tokentype/tokentype_utils.go:48.10,49.13 1 0
github.com/kaschnit/golox/pkg/ast/visitor/printer/printer.go:14.34,16.2 1 0
github.com/kaschnit/golox/pkg/ast/visitor/printer/printer.go:18.69,25.2 6 0
github.com/kaschnit/golox/pkg/ast/visitor/printer/printer.go:27.67,32.2 4 0
github.com/kaschnit/golox/pkg/ast/visitor/printer/printer.go:34.73,39.2 4 0
github.com/kaschnit/golox/pkg/ast/visitor/printer/printer.go:41.71,42.20 1 0
github.com/kaschnit/golox/pkg/ast/visitor/printer/printer.go:47.2,47.12 1 0
github.com/kaschnit/golox/pkg/ast/visitor/printer/printer.go:42.20,44.3 1 0
github.com/kaschnit/golox/pkg/ast/visitor/printer/printer.go:44.8,46.3 1 0
github.com/kaschnit/golox/pkg/token/token.go:16.33,17.22 1 1
github.com/kaschnit/golox/pkg/token/token.go:20.2,20.61 1 1
github.com/kaschnit/golox/pkg/token/token.go:17.22,19.3 1 1
github.com/kaschnit/golox/cmd/lox/lox/main.go:3.13,5.2 1 0
github.com/kaschnit/golox/pkg/ast/expr.go:17.55,19.2 1 0
github.com/kaschnit/golox/pkg/ast/expr.go:26.54,28.2 1 0
github.com/kaschnit/golox/pkg/ast/expr.go:34.57,36.2 1 0
github.com/kaschnit/golox/pkg/ast/expr.go:42.56,44.2 1 0
github.com/kaschnit/golox/pkg/ast/expr.go:17.55,19.2 1 0
github.com/kaschnit/golox/pkg/ast/expr.go:26.54,28.2 1 0
github.com/kaschnit/golox/pkg/ast/expr.go:34.57,36.2 1 0
github.com/kaschnit/golox/pkg/ast/expr.go:42.56,44.2 1 0
github.com/kaschnit/golox/tools/enum_gen/main.go:61.57,64.16 3 0
github.com/kaschnit/golox/tools/enum_gen/main.go:68.2,69.16 2 0
github.com/kaschnit/golox/tools/enum_gen/main.go:74.2,76.16 3 0
github.com/kaschnit/golox/tools/enum_gen/main.go:80.2,84.8 1 0
github.com/kaschnit/golox/tools/enum_gen/main.go:64.16,66.3 1 0
github.com/kaschnit/golox/tools/enum_gen/main.go:69.16,71.3 1 0
github.com/kaschnit/golox/tools/enum_gen/main.go:76.16,78.3 1 0
github.com/kaschnit/golox/tools/enum_gen/main.go:87.33,92.2 4 0
github.com/kaschnit/golox/tools/enum_gen/main.go:94.81,101.16 3 0
github.com/kaschnit/golox/tools/enum_gen/main.go:106.2,109.16 4 0
github.com/kaschnit/golox/tools/enum_gen/main.go:113.2,113.23 1 0
github.com/kaschnit/golox/tools/enum_gen/main.go:101.16,103.3 1 0
github.com/kaschnit/golox/tools/enum_gen/main.go:109.16,111.3 1 0
github.com/kaschnit/golox/tools/enum_gen/main.go:116.67,118.2 1 0
github.com/kaschnit/golox/tools/enum_gen/main.go:120.69,122.2 1 0
github.com/kaschnit/golox/tools/enum_gen/main.go:124.23,125.16 1 0
github.com/kaschnit/golox/tools/enum_gen/main.go:125.16,126.13 1 0
github.com/kaschnit/golox/tools/enum_gen/main.go:130.13,137.42 4 0
github.com/kaschnit/golox/tools/enum_gen/main.go:144.2,159.12 12 0
github.com/kaschnit/golox/tools/enum_gen/main.go:137.42,141.3 3 0
github.com/kaschnit/golox/cmd/lox/scanner/main.go:12.13,16.18 3 0
github.com/kaschnit/golox/cmd/lox/scanner/main.go:16.18,18.7 2 0
github.com/kaschnit/golox/cmd/lox/scanner/main.go:18.7,23.37 5 0
github.com/kaschnit/golox/cmd/lox/scanner/main.go:23.37,25.5 1 0
github.com/kaschnit/golox/pkg/ast/visitor/printer/printer.go:14.34,16.2 1 0
github.com/kaschnit/golox/pkg/ast/visitor/printer/printer.go:18.69,25.2 6 0
github.com/kaschnit/golox/pkg/ast/visitor/printer/printer.go:27.67,32.2 4 0
github.com/kaschnit/golox/pkg/ast/visitor/printer/printer.go:34.73,39.2 4 0
github.com/kaschnit/golox/pkg/ast/visitor/printer/printer.go:41.71,42.20 1 0
github.com/kaschnit/golox/pkg/ast/visitor/printer/printer.go:47.2,47.12 1 0
github.com/kaschnit/golox/pkg/ast/visitor/printer/printer.go:42.20,44.3 1 0
github.com/kaschnit/golox/pkg/ast/visitor/printer/printer.go:44.8,46.3 1 0
github.com/kaschnit/golox/pkg/token/tokentype/tokentype_string.go:6.44,7.19 1 0
github.com/kaschnit/golox/pkg/token/tokentype/tokentype_string.go:8.18,9.22 1 0
github.com/kaschnit/golox/pkg/token/tokentype/tokentype_string.go:10.19,11.23 1 0
github.com/kaschnit/golox/pkg/token/tokentype/tokentype_string.go:12.18,13.22 1 0
github.com/kaschnit/golox/pkg/token/tokentype/tokentype_string.go:14.19,15.23 1 0
github.com/kaschnit/golox/pkg/token/tokentype/tokentype_string.go:16.13,17.17 1 0
github.com/kaschnit/golox/pkg/token/tokentype/tokentype_string.go:18.11,19.15 1 0
github.com/kaschnit/golox/pkg/token/tokentype/tokentype_string.go:20.13,21.17 1 0
github.com/kaschnit/golox/pkg/token/tokentype/tokentype_string.go:22.12,23.16 1 0
github.com/kaschnit/golox/pkg/token/tokentype/tokentype_string.go:24.17,25.21 1 0
github.com/kaschnit/golox/pkg/token/tokentype/tokentype_string.go:26.13,27.17 1 0
github.com/kaschnit/golox/pkg/token/tokentype/tokentype_string.go:28.12,29.16 1 0
github.com/kaschnit/golox/pkg/token/tokentype/tokentype_string.go:30.12,31.16 1 0
github.com/kaschnit/golox/pkg/token/tokentype/tokentype_string.go:32.18,33.22 1 0
github.com/kaschnit/golox/pkg/token/tokentype/tokentype_string.go:34.13,35.17 1 0
github.com/kaschnit/golox/pkg/token/tokentype/tokentype_string.go:36.19,37.23 1 0
github.com/kaschnit/golox/pkg/token/tokentype/tokentype_string.go:38.15,39.19 1 0
github.com/kaschnit/golox/pkg/token/tokentype/tokentype_string.go:40.21,41.25 1 0
github.com/kaschnit/golox/pkg/token/tokentype/tokentype_string.go:42.12,43.16 1 0
github.com/kaschnit/golox/pkg/token/tokentype/tokentype_string.go:44.18,45.22 1 0
github.com/kaschnit/golox/pkg/token/tokentype/tokentype_string.go:46.18,47.22 1 0
github.com/kaschnit/golox/pkg/token/tokentype/tokentype_string.go:48.14,49.18 1 0
github.com/kaschnit/golox/pkg/token/tokentype/tokentype_string.go:50.14,51.18 1 0
github.com/kaschnit/golox/pkg/token/tokentype/tokentype_string.go:52.11,53.15 1 0
github.com/kaschnit/golox/pkg/token/tokentype/tokentype_string.go:54.13,55.17 1 0
github.com/kaschnit/golox/pkg/token/tokentype/tokentype_string.go:56.12,57.16 1 0
github.com/kaschnit/golox/pkg/token/tokentype/tokentype_string.go:58.13,59.17 1 0
github.com/kaschnit/golox/pkg/token/tokentype/tokentype_string.go:60.11,61.15 1 0
github.com/kaschnit/golox/pkg/token/tokentype/tokentype_string.go:62.11,63.15 1 0
github.com/kaschnit/golox/pkg/token/tokentype/tokentype_string.go:64.10,65.14 1 0
github.com/kaschnit/golox/pkg/token/tokentype/tokentype_string.go:66.11,67.15 1 0
github.com/kaschnit/golox/pkg/token/tokentype/tokentype_string.go:68.10,69.14 1 0
github.com/kaschnit/golox/pkg/token/tokentype/tokentype_string.go:70.13,71.17 1 0
github.com/kaschnit/golox/pkg/token/tokentype/tokentype_string.go:72.14,73.18 1 0
github.com/kaschnit/golox/pkg/token/tokentype/tokentype_string.go:74.13,75.17 1 0
github.com/kaschnit/golox/pkg/token/tokentype/tokentype_string.go:76.12,77.16 1 0
github.com/kaschnit/golox/pkg/token/tokentype/tokentype_string.go:78.12,79.16 1 0
github.com/kaschnit/golox/pkg/token/tokentype/tokentype_string.go:80.11,81.15 1 0
github.com/kaschnit/golox/pkg/token/tokentype/tokentype_string.go:82.13,83.17 1 0
github.com/kaschnit/golox/pkg/token/tokentype/tokentype_string.go:84.11,85.15 1 0
github.com/kaschnit/golox/pkg/token/tokentype/tokentype_string.go:86.10,87.12 1 0
github.com/kaschnit/golox/pkg/token/tokentype/tokentype_utils.go:3.57,4.20 1 0
github.com/kaschnit/golox/pkg/token/tokentype/tokentype_utils.go:5.13,6.13 1 0
github.com/kaschnit/golox/pkg/token/tokentype/tokentype_utils.go:7.15,8.15 1 0
github.com/kaschnit/golox/pkg/token/tokentype/tokentype_utils.go:9.14,10.14 1 0
github.com/kaschnit/golox/pkg/token/tokentype/tokentype_utils.go:11.15,12.15 1 0
github.com/kaschnit/golox/pkg/token/tokentype/tokentype_utils.go:13.13,14.13 1 0
github.com/kaschnit/golox/pkg/token/tokentype/tokentype_utils.go:15.13,16.13 1 0
github.com/kaschnit/golox/pkg/token/tokentype/tokentype_utils.go:17.12,18.12 1 0
github.com/kaschnit/golox/pkg/token/tokentype/tokentype_utils.go:19.13,20.13 1 0
github.com/kaschnit/golox/pkg/token/tokentype/tokentype_utils.go:21.12,22.12 1 0
github.com/kaschnit/golox/pkg/token/tokentype/tokentype_utils.go:23.15,24.15 1 0
github.com/kaschnit/golox/pkg/token/tokentype/tokentype_utils.go:25.16,26.16 1 0
github.com/kaschnit/golox/pkg/token/tokentype/tokentype_utils.go:27.15,28.15 1 0
github.com/kaschnit/golox/pkg/token/tokentype/tokentype_utils.go:29.14,30.14 1 0
github.com/kaschnit/golox/pkg/token/tokentype/tokentype_utils.go:31.14,32.14 1 0
github.com/kaschnit/golox/pkg/token/tokentype/tokentype_utils.go:33.13,34.13 1 0
github.com/kaschnit/golox/pkg/token/tokentype/tokentype_utils.go:35.15,36.15 1 0
github.com/kaschnit/golox/pkg/token/tokentype/tokentype_utils.go:37.10,38.20 1 0
github.com/kaschnit/golox/pkg/token/tokentype/tokentype_utils.go:42.60,43.19 1 0
github.com/kaschnit/golox/pkg/token/tokentype/tokentype_utils.go:44.12,45.14 1 0
github.com/kaschnit/golox/pkg/token/tokentype/tokentype_utils.go:46.13,47.15 1 0
github.com/kaschnit/golox/pkg/token/tokentype/tokentype_utils.go:48.10,49.13 1 0
github.com/kaschnit/golox/pkg/parser/parser.go:15.47,21.2 1 0
github.com/kaschnit/golox/pkg/parser/parser.go:23.39,26.2 1 0
github.com/kaschnit/golox/pkg/parser/parser.go:28.43,30.68 2 0
github.com/kaschnit/golox/pkg/parser/parser.go:36.2,36.13 1 0
github.com/kaschnit/golox/pkg/parser/parser.go:30.68,35.3 4 0
github.com/kaschnit/golox/pkg/parser/parser.go:39.45,46.39 3 0
github.com/kaschnit/golox/pkg/parser/parser.go:52.2,52.13 1 0
github.com/kaschnit/golox/pkg/parser/parser.go:46.39,51.3 4 0
github.com/kaschnit/golox/pkg/parser/parser.go:55.39,57.56 2 0
github.com/kaschnit/golox/pkg/parser/parser.go:63.2,63.13 1 0
github.com/kaschnit/golox/pkg/parser/parser.go:57.56,62.3 4 0
github.com/kaschnit/golox/pkg/parser/parser.go:66.41,68.56 2 0
github.com/kaschnit/golox/pkg/parser/parser.go:74.2,74.13 1 0
github.com/kaschnit/golox/pkg/parser/parser.go:68.56,73.3 4 0
github.com/kaschnit/golox/pkg/parser/parser.go:77.40,78.55 1 0
github.com/kaschnit/golox/pkg/parser/parser.go:86.2,86.25 1 0
github.com/kaschnit/golox/pkg/parser/parser.go:78.55,85.3 3 0
github.com/kaschnit/golox/pkg/parser/parser.go:89.42,95.44 2 0
github.com/kaschnit/golox/pkg/parser/parser.go:95.44,98.3 2 0
github.com/kaschnit/golox/pkg/parser/parser.go:98.8,98.45 1 0
github.com/kaschnit/golox/pkg/parser/parser.go:98.45,100.3 1 0
github.com/kaschnit/golox/pkg/parser/parser.go:100.8,102.3 1 0
github.com/kaschnit/golox/pkg/parser/parser.go:105.41,109.2 3 0
github.com/kaschnit/golox/pkg/parser/parser.go:111.85,112.39 1 0
github.com/kaschnit/golox/pkg/parser/parser.go:117.2,117.14 1 0
github.com/kaschnit/golox/pkg/parser/parser.go:112.39,113.46 1 0
github.com/kaschnit/golox/pkg/parser/parser.go:113.46,115.4 1 0
github.com/kaschnit/golox/pkg/parser/parser.go:120.51,122.2 1 0
github.com/kaschnit/golox/cmd/lox/lox/main.go:3.13,5.2 1 0
github.com/kaschnit/golox/pkg/utils/errorutil/errorutil.go:5.43,7.2 1 0
github.com/kaschnit/golox/pkg/utils/stringutil/stringutil.go:3.31,5.2 1 1
github.com/kaschnit/golox/pkg/utils/stringutil/stringutil.go:7.33,9.2 1 1
github.com/kaschnit/golox/pkg/utils/stringutil/stringutil.go:11.38,13.2 1 1
github.com/kaschnit/golox/pkg/token/token.go:16.33,17.22 1 0
github.com/kaschnit/golox/pkg/token/token.go:20.2,20.61 1 0
github.com/kaschnit/golox/pkg/token/token.go:17.22,19.3 1 0
github.com/kaschnit/golox/pkg/scanner/scanner.go:22.41,31.2 1 0
github.com/kaschnit/golox/pkg/scanner/scanner.go:33.61,36.18 3 0
github.com/kaschnit/golox/pkg/scanner/scanner.go:45.2,45.23 1 0
github.com/kaschnit/golox/pkg/scanner/scanner.go:36.18,38.17 2 0
github.com/kaschnit/golox/pkg/scanner/scanner.go:38.17,40.4 1 0
github.com/kaschnit/golox/pkg/scanner/scanner.go:40.9,42.4 1 0
github.com/kaschnit/golox/pkg/scanner/scanner.go:48.53,49.16 1 0
github.com/kaschnit/golox/pkg/scanner/scanner.go:53.2,54.22 2 0
github.com/kaschnit/golox/pkg/scanner/scanner.go:49.16,51.3 1 0
github.com/kaschnit/golox/pkg/scanner/scanner.go:57.53,58.17 1 0
github.com/kaschnit/golox/pkg/scanner/scanner.go:68.2,71.14 3 0
github.com/kaschnit/golox/pkg/scanner/scanner.go:58.17,66.3 2 0
github.com/kaschnit/golox/pkg/scanner/scanner.go:73.11,74.50 1 0
github.com/kaschnit/golox/pkg/scanner/scanner.go:75.11,76.51 1 0
github.com/kaschnit/golox/pkg/scanner/scanner.go:77.11,78.50 1 0
github.com/kaschnit/golox/pkg/scanner/scanner.go:79.11,80.51 1 0
github.com/kaschnit/golox/pkg/scanner/scanner.go:81.11,82.45 1 0
github.com/kaschnit/golox/pkg/scanner/scanner.go:83.11,84.43 1 0
github.com/kaschnit/golox/pkg/scanner/scanner.go:85.11,86.45 1 0
github.com/kaschnit/golox/pkg/scanner/scanner.go:87.11,88.44 1 0
github.com/kaschnit/golox/pkg/scanner/scanner.go:89.11,90.49 1 0
github.com/kaschnit/golox/pkg/scanner/scanner.go:91.11,92.44 1 0
github.com/kaschnit/golox/pkg/scanner/scanner.go:95.11,96.23 1 0
github.com/kaschnit/golox/pkg/scanner/scanner.go:102.11,103.23 1 0
github.com/kaschnit/golox/pkg/scanner/scanner.go:109.11,110.23 1 0
github.com/kaschnit/golox/pkg/scanner/scanner.go:116.11,117.23 1 0
github.com/kaschnit/golox/pkg/scanner/scanner.go:123.11,124.23 1 0
github.com/kaschnit/golox/pkg/scanner/scanner.go:132.12,134.14 2 0
github.com/kaschnit/golox/pkg/scanner/scanner.go:135.11,136.14 1 0
github.com/kaschnit/golox/pkg/scanner/scanner.go:137.12,138.14 1 0
github.com/kaschnit/golox/pkg/scanner/scanner.go:139.12,141.23 2 0
github.com/kaschnit/golox/pkg/scanner/scanner.go:144.11,145.24 1 0
github.com/kaschnit/golox/pkg/scanner/scanner.go:148.10,149.37 1 0
github.com/kaschnit/golox/pkg/scanner/scanner.go:154.3,156.49 3 0
github.com/kaschnit/golox/pkg/scanner/scanner.go:96.23,99.4 2 0
github.com/kaschnit/golox/pkg/scanner/scanner.go:99.9,101.4 1 0
github.com/kaschnit/golox/pkg/scanner/scanner.go:103.23,106.4 2 0
github.com/kaschnit/golox/pkg/scanner/scanner.go:106.9,108.4 1 0
github.com/kaschnit/golox/pkg/scanner/scanner.go:110.23,113.4 2 0
github.com/kaschnit/golox/pkg/scanner/scanner.go:113.9,115.4 1 0
github.com/kaschnit/golox/pkg/scanner/scanner.go:117.23,120.4 2 0
github.com/kaschnit/golox/pkg/scanner/scanner.go:120.9,122.4 1 0
github.com/kaschnit/golox/pkg/scanner/scanner.go:124.23,127.4 2 0
github.com/kaschnit/golox/pkg/scanner/scanner.go:127.9,129.4 1 0
github.com/kaschnit/golox/pkg/scanner/scanner.go:149.37,151.4 1 0
github.com/kaschnit/golox/pkg/scanner/scanner.go:151.9,151.42 1 0
github.com/kaschnit/golox/pkg/scanner/scanner.go:151.42,153.4 1 0
github.com/kaschnit/golox/pkg/scanner/scanner.go:160.54,161.39 1 0
github.com/kaschnit/golox/pkg/scanner/scanner.go:168.2,168.17 1 0
github.com/kaschnit/golox/pkg/scanner/scanner.go:172.2,178.8 2 0
github.com/kaschnit/golox/pkg/scanner/scanner.go:161.39,162.24 1 0
github.com/kaschnit/golox/pkg/scanner/scanner.go:165.3,165.14 1 0
github.com/kaschnit/golox/pkg/scanner/scanner.go:162.24,164.4 1 0
github.com/kaschnit/golox/pkg/scanner/scanner.go:168.17,170.3 1 0
github.com/kaschnit/golox/pkg/scanner/scanner.go:181.54,182.42 1 0
github.com/kaschnit/golox/pkg/scanner/scanner.go:185.2,185.61 1 0
github.com/kaschnit/golox/pkg/scanner/scanner.go:192.2,194.16 3 0
github.com/kaschnit/golox/pkg/scanner/scanner.go:198.2,203.8 1 0
github.com/kaschnit/golox/pkg/scanner/scanner.go:182.42,184.3 1 0
github.com/kaschnit/golox/pkg/scanner/scanner.go:185.61,187.43 2 0
github.com/kaschnit/golox/pkg/scanner/scanner.go:187.43,189.4 1 0
github.com/kaschnit/golox/pkg/scanner/scanner.go:194.16,196.3 1 0
github.com/kaschnit/golox/pkg/scanner/scanner.go:206.58,207.47 1 0
github.com/kaschnit/golox/pkg/scanner/scanner.go:211.2,219.8 4 0
github.com/kaschnit/golox/pkg/scanner/scanner.go:207.47,209.3 1 0
github.com/kaschnit/golox/pkg/scanner/scanner.go:222.35,224.40 1 0
github.com/kaschnit/golox/pkg/scanner/scanner.go:227.2,227.21 1 0
github.com/kaschnit/golox/pkg/scanner/scanner.go:224.40,226.3 1 0
github.com/kaschnit/golox/pkg/scanner/scanner.go:230.75,237.2 1 0
github.com/kaschnit/golox/pkg/scanner/scanner.go:239.42,241.2 1 0
github.com/kaschnit/golox/pkg/scanner/scanner.go:243.44,245.17 1 0
github.com/kaschnit/golox/pkg/scanner/scanner.go:248.2,248.40 1 0
github.com/kaschnit/golox/pkg/scanner/scanner.go:245.17,247.3 1 0
github.com/kaschnit/golox/pkg/scanner/scanner.go:251.34,253.2 1 0
